CRITICAL - 2022-05-20 02:17:20 --> Object of class Myth\Auth\Entities\User could not be converted to string
#0 C:\xampp\htdocs\i-can\system\View\View.php(210): include()
#1 C:\xampp\htdocs\i-can\system\View\View.php(213): CodeIgniter\View\View->CodeIgniter\View\{closure}()
#2 C:\xampp\htdocs\i-can\system\Common.php(1089): CodeIgniter\View\View->render('user/account', Array, true)
#3 C:\xampp\htdocs\i-can\app\Controllers\User.php(14): view('user/account')
#4 C:\xampp\htdocs\i-can\system\CodeIgniter.php(832): App\Controllers\User->account()
#5 C:\xampp\htdocs\i-can\system\CodeIgniter.php(419): CodeIgniter\CodeIgniter->runController(Object(App\Controllers\User))
#6 C:\xampp\htdocs\i-can\system\CodeIgniter.php(326): CodeIgniter\CodeIgniter->handleRequest(NULL, Object(Config\Cache), false)
#7 C:\xampp\htdocs\i-can\public\index.php(37): CodeIgniter\CodeIgniter->run()
#8 C:\xampp\htdocs\i-can\system\Commands\Server\rewrite.php(43): require_once('C:\\xampp\\htdocs...')
#9 {main}
CRITICAL - 2022-05-20 02:32:11 --> syntax error, unexpected token "echo"
#0 C:\xampp\htdocs\i-can\system\View\View.php(213): CodeIgniter\View\View->CodeIgniter\View\{closure}()
#1 C:\xampp\htdocs\i-can\system\Common.php(1089): CodeIgniter\View\View->render('user/account', Array, true)
#2 C:\xampp\htdocs\i-can\app\Controllers\User.php(14): view('user/account')
#3 C:\xampp\htdocs\i-can\system\CodeIgniter.php(832): App\Controllers\User->account()
#4 C:\xampp\htdocs\i-can\system\CodeIgniter.php(419): CodeIgniter\CodeIgniter->runController(Object(App\Controllers\User))
#5 C:\xampp\htdocs\i-can\system\CodeIgniter.php(326): CodeIgniter\CodeIgniter->handleRequest(NULL, Object(Config\Cache), false)
#6 C:\xampp\htdocs\i-can\public\index.php(37): CodeIgniter\CodeIgniter->run()
#7 C:\xampp\htdocs\i-can\system\Commands\Server\rewrite.php(43): require_once('C:\\xampp\\htdocs...')
#8 {main}
CRITICAL - 2022-05-20 02:33:28 --> Object of class Myth\Auth\Entities\User could not be converted to string
#0 C:\xampp\htdocs\i-can\system\View\View.php(210): include()
#1 C:\xampp\htdocs\i-can\system\View\View.php(213): CodeIgniter\View\View->CodeIgniter\View\{closure}()
#2 C:\xampp\htdocs\i-can\system\Common.php(1089): CodeIgniter\View\View->render('user/account', Array, true)
#3 C:\xampp\htdocs\i-can\app\Controllers\User.php(14): view('user/account')
#4 C:\xampp\htdocs\i-can\system\CodeIgniter.php(832): App\Controllers\User->account()
#5 C:\xampp\htdocs\i-can\system\CodeIgniter.php(419): CodeIgniter\CodeIgniter->runController(Object(App\Controllers\User))
#6 C:\xampp\htdocs\i-can\system\CodeIgniter.php(326): CodeIgniter\CodeIgniter->handleRequest(NULL, Object(Config\Cache), false)
#7 C:\xampp\htdocs\i-can\public\index.php(37): CodeIgniter\CodeIgniter->run()
#8 C:\xampp\htdocs\i-can\system\Commands\Server\rewrite.php(43): require_once('C:\\xampp\\htdocs...')
#9 {main}
CRITICAL - 2022-05-20 02:39:08 --> Call to undefined method Myth\Auth\Entities\User::getEmail()
#0 C:\xampp\htdocs\i-can\system\View\View.php(210): include()
#1 C:\xampp\htdocs\i-can\system\View\View.php(213): CodeIgniter\View\View->CodeIgniter\View\{closure}()
#2 C:\xampp\htdocs\i-can\system\Common.php(1089): CodeIgniter\View\View->render('user/account', Array, true)
#3 C:\xampp\htdocs\i-can\app\Controllers\User.php(14): view('user/account')
#4 C:\xampp\htdocs\i-can\system\CodeIgniter.php(832): App\Controllers\User->account()
#5 C:\xampp\htdocs\i-can\system\CodeIgniter.php(419): CodeIgniter\CodeIgniter->runController(Object(App\Controllers\User))
#6 C:\xampp\htdocs\i-can\system\CodeIgniter.php(326): CodeIgniter\CodeIgniter->handleRequest(NULL, Object(Config\Cache), false)
#7 C:\xampp\htdocs\i-can\public\index.php(37): CodeIgniter\CodeIgniter->run()
#8 C:\xampp\htdocs\i-can\system\Commands\Server\rewrite.php(43): require_once('C:\\xampp\\htdocs...')
#9 {main}
