CRITICAL - 2022-06-03 11:32:31 --> Undefined variable $title
#0 C:\xampp\htdocs\i-can\app\Views\layout\header.php(4): CodeIgniter\Debug\Exceptions->errorHandler(2, 'Undefined varia...', 'C:\\xampp\\htdocs...', 4)
#1 C:\xampp\htdocs\i-can\system\View\View.php(210): include('C:\\xampp\\htdocs...')
#2 C:\xampp\htdocs\i-can\system\View\View.php(213): CodeIgniter\View\View->CodeIgniter\View\{closure}()
#3 C:\xampp\htdocs\i-can\system\Common.php(1089): CodeIgniter\View\View->render('layout/header', Array, true)
#4 C:\xampp\htdocs\i-can\app\Controllers\Home.php(10): view('layout/header')
#5 C:\xampp\htdocs\i-can\system\CodeIgniter.php(832): App\Controllers\Home->index()
#6 C:\xampp\htdocs\i-can\system\CodeIgniter.php(419): CodeIgniter\CodeIgniter->runController(Object(App\Controllers\Home))
#7 C:\xampp\htdocs\i-can\system\CodeIgniter.php(326): CodeIgniter\CodeIgniter->handleRequest(NULL, Object(Config\Cache), false)
#8 C:\xampp\htdocs\i-can\public\index.php(37): CodeIgniter\CodeIgniter->run()
#9 C:\xampp\htdocs\i-can\system\Commands\Server\rewrite.php(43): require_once('C:\\xampp\\htdocs...')
#10 {main}
CRITICAL - 2022-06-03 11:33:16 --> Undefined variable $title
#0 C:\xampp\htdocs\i-can\app\Views\layout\header.php(4): CodeIgniter\Debug\Exceptions->errorHandler(2, 'Undefined varia...', 'C:\\xampp\\htdocs...', 4)
#1 C:\xampp\htdocs\i-can\system\View\View.php(210): include('C:\\xampp\\htdocs...')
#2 C:\xampp\htdocs\i-can\system\View\View.php(213): CodeIgniter\View\View->CodeIgniter\View\{closure}()
#3 C:\xampp\htdocs\i-can\system\Common.php(1089): CodeIgniter\View\View->render('layout/header', Array, true)
#4 C:\xampp\htdocs\i-can\app\Controllers\Home.php(10): view('layout/header')
#5 C:\xampp\htdocs\i-can\system\CodeIgniter.php(832): App\Controllers\Home->index()
#6 C:\xampp\htdocs\i-can\system\CodeIgniter.php(419): CodeIgniter\CodeIgniter->runController(Object(App\Controllers\Home))
#7 C:\xampp\htdocs\i-can\system\CodeIgniter.php(326): CodeIgniter\CodeIgniter->handleRequest(NULL, Object(Config\Cache), false)
#8 C:\xampp\htdocs\i-can\public\index.php(37): CodeIgniter\CodeIgniter->run()
#9 C:\xampp\htdocs\i-can\system\Commands\Server\rewrite.php(43): require_once('C:\\xampp\\htdocs...')
#10 {main}
CRITICAL - 2022-06-03 11:35:18 --> Undefined variable $title
#0 C:\xampp\htdocs\i-can\app\Views\layout\header.php(4): CodeIgniter\Debug\Exceptions->errorHandler(2, 'Undefined varia...', 'C:\\xampp\\htdocs...', 4)
#1 C:\xampp\htdocs\i-can\system\View\View.php(210): include('C:\\xampp\\htdocs...')
#2 C:\xampp\htdocs\i-can\system\View\View.php(213): CodeIgniter\View\View->CodeIgniter\View\{closure}()
#3 C:\xampp\htdocs\i-can\system\Common.php(1089): CodeIgniter\View\View->render('layout/header', Array, true)
#4 C:\xampp\htdocs\i-can\app\Controllers\Home.php(14): view('layout/header')
#5 C:\xampp\htdocs\i-can\system\CodeIgniter.php(832): App\Controllers\Home->index()
#6 C:\xampp\htdocs\i-can\system\CodeIgniter.php(419): CodeIgniter\CodeIgniter->runController(Object(App\Controllers\Home))
#7 C:\xampp\htdocs\i-can\system\CodeIgniter.php(326): CodeIgniter\CodeIgniter->handleRequest(NULL, Object(Config\Cache), false)
#8 C:\xampp\htdocs\i-can\public\index.php(37): CodeIgniter\CodeIgniter->run()
#9 C:\xampp\htdocs\i-can\system\Commands\Server\rewrite.php(43): require_once('C:\\xampp\\htdocs...')
#10 {main}
CRITICAL - 2022-06-03 11:35:19 --> Undefined variable $title
#0 C:\xampp\htdocs\i-can\app\Views\layout\header.php(4): CodeIgniter\Debug\Exceptions->errorHandler(2, 'Undefined varia...', 'C:\\xampp\\htdocs...', 4)
#1 C:\xampp\htdocs\i-can\system\View\View.php(210): include('C:\\xampp\\htdocs...')
#2 C:\xampp\htdocs\i-can\system\View\View.php(213): CodeIgniter\View\View->CodeIgniter\View\{closure}()
#3 C:\xampp\htdocs\i-can\system\Common.php(1089): CodeIgniter\View\View->render('layout/header', Array, true)
#4 C:\xampp\htdocs\i-can\app\Controllers\Home.php(14): view('layout/header')
#5 C:\xampp\htdocs\i-can\system\CodeIgniter.php(832): App\Controllers\Home->index()
#6 C:\xampp\htdocs\i-can\system\CodeIgniter.php(419): CodeIgniter\CodeIgniter->runController(Object(App\Controllers\Home))
#7 C:\xampp\htdocs\i-can\system\CodeIgniter.php(326): CodeIgniter\CodeIgniter->handleRequest(NULL, Object(Config\Cache), false)
#8 C:\xampp\htdocs\i-can\public\index.php(37): CodeIgniter\CodeIgniter->run()
#9 C:\xampp\htdocs\i-can\system\Commands\Server\rewrite.php(43): require_once('C:\\xampp\\htdocs...')
#10 {main}
CRITICAL - 2022-06-03 11:35:20 --> Undefined variable $title
#0 C:\xampp\htdocs\i-can\app\Views\layout\header.php(4): CodeIgniter\Debug\Exceptions->errorHandler(2, 'Undefined varia...', 'C:\\xampp\\htdocs...', 4)
#1 C:\xampp\htdocs\i-can\system\View\View.php(210): include('C:\\xampp\\htdocs...')
#2 C:\xampp\htdocs\i-can\system\View\View.php(213): CodeIgniter\View\View->CodeIgniter\View\{closure}()
#3 C:\xampp\htdocs\i-can\system\Common.php(1089): CodeIgniter\View\View->render('layout/header', Array, true)
#4 C:\xampp\htdocs\i-can\app\Controllers\Home.php(14): view('layout/header')
#5 C:\xampp\htdocs\i-can\system\CodeIgniter.php(832): App\Controllers\Home->index()
#6 C:\xampp\htdocs\i-can\system\CodeIgniter.php(419): CodeIgniter\CodeIgniter->runController(Object(App\Controllers\Home))
#7 C:\xampp\htdocs\i-can\system\CodeIgniter.php(326): CodeIgniter\CodeIgniter->handleRequest(NULL, Object(Config\Cache), false)
#8 C:\xampp\htdocs\i-can\public\index.php(37): CodeIgniter\CodeIgniter->run()
#9 C:\xampp\htdocs\i-can\system\Commands\Server\rewrite.php(43): require_once('C:\\xampp\\htdocs...')
#10 {main}
CRITICAL - 2022-06-03 11:35:21 --> Undefined variable $title
#0 C:\xampp\htdocs\i-can\app\Views\layout\header.php(4): CodeIgniter\Debug\Exceptions->errorHandler(2, 'Undefined varia...', 'C:\\xampp\\htdocs...', 4)
#1 C:\xampp\htdocs\i-can\system\View\View.php(210): include('C:\\xampp\\htdocs...')
#2 C:\xampp\htdocs\i-can\system\View\View.php(213): CodeIgniter\View\View->CodeIgniter\View\{closure}()
#3 C:\xampp\htdocs\i-can\system\Common.php(1089): CodeIgniter\View\View->render('layout/header', Array, true)
#4 C:\xampp\htdocs\i-can\app\Controllers\Home.php(14): view('layout/header')
#5 C:\xampp\htdocs\i-can\system\CodeIgniter.php(832): App\Controllers\Home->index()
#6 C:\xampp\htdocs\i-can\system\CodeIgniter.php(419): CodeIgniter\CodeIgniter->runController(Object(App\Controllers\Home))
#7 C:\xampp\htdocs\i-can\system\CodeIgniter.php(326): CodeIgniter\CodeIgniter->handleRequest(NULL, Object(Config\Cache), false)
#8 C:\xampp\htdocs\i-can\public\index.php(37): CodeIgniter\CodeIgniter->run()
#9 C:\xampp\htdocs\i-can\system\Commands\Server\rewrite.php(43): require_once('C:\\xampp\\htdocs...')
#10 {main}
