CRITICAL - 2022-06-23 05:36:59 --> Attempt to read property "user_id" on array
#0 C:\xampp\htdocs\icanmerge\app\Views\admin\dashboard.php(138): CodeIgniter\Debug\Exceptions->errorHandler(2, 'Attempt to read...', 'C:\\xampp\\htdocs...', 138)
#1 C:\xampp\htdocs\icanmerge\system\View\View.php(210): include('C:\\xampp\\htdocs...')
#2 C:\xampp\htdocs\icanmerge\system\View\View.php(213): CodeIgniter\View\View->CodeIgniter\View\{closure}()
#3 C:\xampp\htdocs\icanmerge\system\Common.php(1089): CodeIgniter\View\View->render('admin/dashboard', Array, true)
#4 C:\xampp\htdocs\icanmerge\app\Controllers\Admin.php(32): view('admin/dashboard', Array)
#5 C:\xampp\htdocs\icanmerge\system\CodeIgniter.php(832): App\Controllers\Admin->dashboard()
#6 C:\xampp\htdocs\icanmerge\system\CodeIgniter.php(419): CodeIgniter\CodeIgniter->runController(Object(App\Controllers\Admin))
#7 C:\xampp\htdocs\icanmerge\system\CodeIgniter.php(326): CodeIgniter\CodeIgniter->handleRequest(NULL, Object(Config\Cache), false)
#8 C:\xampp\htdocs\icanmerge\public\index.php(37): CodeIgniter\CodeIgniter->run()
#9 C:\xampp\htdocs\icanmerge\system\Commands\Server\rewrite.php(43): require_once('C:\\xampp\\htdocs...')
#10 {main}
CRITICAL - 2022-06-23 05:37:05 --> Attempt to read property "user_id" on array
#0 C:\xampp\htdocs\icanmerge\app\Views\admin\dashboard.php(138): CodeIgniter\Debug\Exceptions->errorHandler(2, 'Attempt to read...', 'C:\\xampp\\htdocs...', 138)
#1 C:\xampp\htdocs\icanmerge\system\View\View.php(210): include('C:\\xampp\\htdocs...')
#2 C:\xampp\htdocs\icanmerge\system\View\View.php(213): CodeIgniter\View\View->CodeIgniter\View\{closure}()
#3 C:\xampp\htdocs\icanmerge\system\Common.php(1089): CodeIgniter\View\View->render('admin/dashboard', Array, true)
#4 C:\xampp\htdocs\icanmerge\app\Controllers\Admin.php(32): view('admin/dashboard', Array)
#5 C:\xampp\htdocs\icanmerge\system\CodeIgniter.php(832): App\Controllers\Admin->dashboard()
#6 C:\xampp\htdocs\icanmerge\system\CodeIgniter.php(419): CodeIgniter\CodeIgniter->runController(Object(App\Controllers\Admin))
#7 C:\xampp\htdocs\icanmerge\system\CodeIgniter.php(326): CodeIgniter\CodeIgniter->handleRequest(NULL, Object(Config\Cache), false)
#8 C:\xampp\htdocs\icanmerge\public\index.php(37): CodeIgniter\CodeIgniter->run()
#9 C:\xampp\htdocs\icanmerge\system\Commands\Server\rewrite.php(43): require_once('C:\\xampp\\htdocs...')
#10 {main}
CRITICAL - 2022-06-23 05:37:30 --> Attempt to read property "user_id" on array
#0 C:\xampp\htdocs\icanmerge\app\Views\admin\dashboard.php(138): CodeIgniter\Debug\Exceptions->errorHandler(2, 'Attempt to read...', 'C:\\xampp\\htdocs...', 138)
#1 C:\xampp\htdocs\icanmerge\system\View\View.php(210): include('C:\\xampp\\htdocs...')
#2 C:\xampp\htdocs\icanmerge\system\View\View.php(213): CodeIgniter\View\View->CodeIgniter\View\{closure}()
#3 C:\xampp\htdocs\icanmerge\system\Common.php(1089): CodeIgniter\View\View->render('admin/dashboard', Array, true)
#4 C:\xampp\htdocs\icanmerge\app\Controllers\Admin.php(32): view('admin/dashboard', Array)
#5 C:\xampp\htdocs\icanmerge\system\CodeIgniter.php(832): App\Controllers\Admin->dashboard()
#6 C:\xampp\htdocs\icanmerge\system\CodeIgniter.php(419): CodeIgniter\CodeIgniter->runController(Object(App\Controllers\Admin))
#7 C:\xampp\htdocs\icanmerge\system\CodeIgniter.php(326): CodeIgniter\CodeIgniter->handleRequest(NULL, Object(Config\Cache), false)
#8 C:\xampp\htdocs\icanmerge\public\index.php(37): CodeIgniter\CodeIgniter->run()
#9 C:\xampp\htdocs\icanmerge\system\Commands\Server\rewrite.php(43): require_once('C:\\xampp\\htdocs...')
#10 {main}
CRITICAL - 2022-06-23 05:38:40 --> Attempt to read property "user_id" on array
#0 C:\xampp\htdocs\icanmerge\app\Views\admin\dashboard.php(138): CodeIgniter\Debug\Exceptions->errorHandler(2, 'Attempt to read...', 'C:\\xampp\\htdocs...', 138)
#1 C:\xampp\htdocs\icanmerge\system\View\View.php(210): include('C:\\xampp\\htdocs...')
#2 C:\xampp\htdocs\icanmerge\system\View\View.php(213): CodeIgniter\View\View->CodeIgniter\View\{closure}()
#3 C:\xampp\htdocs\icanmerge\system\Common.php(1089): CodeIgniter\View\View->render('admin/dashboard', Array, true)
#4 C:\xampp\htdocs\icanmerge\app\Controllers\Admin.php(32): view('admin/dashboard', Array)
#5 C:\xampp\htdocs\icanmerge\system\CodeIgniter.php(832): App\Controllers\Admin->dashboard()
#6 C:\xampp\htdocs\icanmerge\system\CodeIgniter.php(419): CodeIgniter\CodeIgniter->runController(Object(App\Controllers\Admin))
#7 C:\xampp\htdocs\icanmerge\system\CodeIgniter.php(326): CodeIgniter\CodeIgniter->handleRequest(NULL, Object(Config\Cache), false)
#8 C:\xampp\htdocs\icanmerge\public\index.php(37): CodeIgniter\CodeIgniter->run()
#9 C:\xampp\htdocs\icanmerge\system\Commands\Server\rewrite.php(43): require_once('C:\\xampp\\htdocs...')
#10 {main}
CRITICAL - 2022-06-23 05:40:59 --> Attempt to read property "product_name" on array
#0 C:\xampp\htdocs\icanmerge\app\Views\admin\dashboard.php(139): CodeIgniter\Debug\Exceptions->errorHandler(2, 'Attempt to read...', 'C:\\xampp\\htdocs...', 139)
#1 C:\xampp\htdocs\icanmerge\system\View\View.php(210): include('C:\\xampp\\htdocs...')
#2 C:\xampp\htdocs\icanmerge\system\View\View.php(213): CodeIgniter\View\View->CodeIgniter\View\{closure}()
#3 C:\xampp\htdocs\icanmerge\system\Common.php(1089): CodeIgniter\View\View->render('admin/dashboard', Array, true)
#4 C:\xampp\htdocs\icanmerge\app\Controllers\Admin.php(32): view('admin/dashboard', Array)
#5 C:\xampp\htdocs\icanmerge\system\CodeIgniter.php(832): App\Controllers\Admin->dashboard()
#6 C:\xampp\htdocs\icanmerge\system\CodeIgniter.php(419): CodeIgniter\CodeIgniter->runController(Object(App\Controllers\Admin))
#7 C:\xampp\htdocs\icanmerge\system\CodeIgniter.php(326): CodeIgniter\CodeIgniter->handleRequest(NULL, Object(Config\Cache), false)
#8 C:\xampp\htdocs\icanmerge\public\index.php(37): CodeIgniter\CodeIgniter->run()
#9 C:\xampp\htdocs\icanmerge\system\Commands\Server\rewrite.php(43): require_once('C:\\xampp\\htdocs...')
#10 {main}
CRITICAL - 2022-06-23 06:26:36 --> Undefined variable $b
#0 C:\xampp\htdocs\icanmerge\app\Views\admin\dashboard.php(139): CodeIgniter\Debug\Exceptions->errorHandler(2, 'Undefined varia...', 'C:\\xampp\\htdocs...', 139)
#1 C:\xampp\htdocs\icanmerge\system\View\View.php(210): include('C:\\xampp\\htdocs...')
#2 C:\xampp\htdocs\icanmerge\system\View\View.php(213): CodeIgniter\View\View->CodeIgniter\View\{closure}()
#3 C:\xampp\htdocs\icanmerge\system\Common.php(1089): CodeIgniter\View\View->render('admin/dashboard', Array, true)
#4 C:\xampp\htdocs\icanmerge\app\Controllers\Admin.php(32): view('admin/dashboard', Array)
#5 C:\xampp\htdocs\icanmerge\system\CodeIgniter.php(832): App\Controllers\Admin->dashboard()
#6 C:\xampp\htdocs\icanmerge\system\CodeIgniter.php(419): CodeIgniter\CodeIgniter->runController(Object(App\Controllers\Admin))
#7 C:\xampp\htdocs\icanmerge\system\CodeIgniter.php(326): CodeIgniter\CodeIgniter->handleRequest(NULL, Object(Config\Cache), false)
#8 C:\xampp\htdocs\icanmerge\public\index.php(37): CodeIgniter\CodeIgniter->run()
#9 C:\xampp\htdocs\icanmerge\system\Commands\Server\rewrite.php(43): require_once('C:\\xampp\\htdocs...')
#10 {main}
CRITICAL - 2022-06-23 06:26:46 --> include(koneksi.php): Failed to open stream: No such file or directory
#0 C:\xampp\htdocs\icanmerge\app\Views\admin\detail_product.php(28): CodeIgniter\Debug\Exceptions->errorHandler(2, 'include(koneksi...', 'C:\\xampp\\htdocs...', 28)
#1 C:\xampp\htdocs\icanmerge\app\Views\admin\detail_product.php(28): include()
#2 C:\xampp\htdocs\icanmerge\system\View\View.php(210): include('C:\\xampp\\htdocs...')
#3 C:\xampp\htdocs\icanmerge\system\View\View.php(213): CodeIgniter\View\View->CodeIgniter\View\{closure}()
#4 C:\xampp\htdocs\icanmerge\system\Common.php(1089): CodeIgniter\View\View->render('admin/detail_pr...', Array, true)
#5 C:\xampp\htdocs\icanmerge\app\Controllers\Admin.php(41): view('admin/detail_pr...', Array)
#6 C:\xampp\htdocs\icanmerge\system\CodeIgniter.php(832): App\Controllers\Admin->detailProduct('3')
#7 C:\xampp\htdocs\icanmerge\system\CodeIgniter.php(419): CodeIgniter\CodeIgniter->runController(Object(App\Controllers\Admin))
#8 C:\xampp\htdocs\icanmerge\system\CodeIgniter.php(326): CodeIgniter\CodeIgniter->handleRequest(NULL, Object(Config\Cache), false)
#9 C:\xampp\htdocs\icanmerge\public\index.php(37): CodeIgniter\CodeIgniter->run()
#10 C:\xampp\htdocs\icanmerge\system\Commands\Server\rewrite.php(43): require_once('C:\\xampp\\htdocs...')
#11 {main}
CRITICAL - 2022-06-23 06:27:24 --> include(pages/koneksi.php): Failed to open stream: No such file or directory
#0 C:\xampp\htdocs\icanmerge\app\Views\admin\detail_product.php(28): CodeIgniter\Debug\Exceptions->errorHandler(2, 'include(pages/k...', 'C:\\xampp\\htdocs...', 28)
#1 C:\xampp\htdocs\icanmerge\app\Views\admin\detail_product.php(28): include()
#2 C:\xampp\htdocs\icanmerge\system\View\View.php(210): include('C:\\xampp\\htdocs...')
#3 C:\xampp\htdocs\icanmerge\system\View\View.php(213): CodeIgniter\View\View->CodeIgniter\View\{closure}()
#4 C:\xampp\htdocs\icanmerge\system\Common.php(1089): CodeIgniter\View\View->render('admin/detail_pr...', Array, true)
#5 C:\xampp\htdocs\icanmerge\app\Controllers\Admin.php(41): view('admin/detail_pr...', Array)
#6 C:\xampp\htdocs\icanmerge\system\CodeIgniter.php(832): App\Controllers\Admin->detailProduct('3')
#7 C:\xampp\htdocs\icanmerge\system\CodeIgniter.php(419): CodeIgniter\CodeIgniter->runController(Object(App\Controllers\Admin))
#8 C:\xampp\htdocs\icanmerge\system\CodeIgniter.php(326): CodeIgniter\CodeIgniter->handleRequest(NULL, Object(Config\Cache), false)
#9 C:\xampp\htdocs\icanmerge\public\index.php(37): CodeIgniter\CodeIgniter->run()
#10 C:\xampp\htdocs\icanmerge\system\Commands\Server\rewrite.php(43): require_once('C:\\xampp\\htdocs...')
#11 {main}
CRITICAL - 2022-06-23 06:27:30 --> include(/pages/koneksi.php): Failed to open stream: No such file or directory
#0 C:\xampp\htdocs\icanmerge\app\Views\admin\detail_product.php(28): CodeIgniter\Debug\Exceptions->errorHandler(2, 'include(/pages/...', 'C:\\xampp\\htdocs...', 28)
#1 C:\xampp\htdocs\icanmerge\app\Views\admin\detail_product.php(28): include()
#2 C:\xampp\htdocs\icanmerge\system\View\View.php(210): include('C:\\xampp\\htdocs...')
#3 C:\xampp\htdocs\icanmerge\system\View\View.php(213): CodeIgniter\View\View->CodeIgniter\View\{closure}()
#4 C:\xampp\htdocs\icanmerge\system\Common.php(1089): CodeIgniter\View\View->render('admin/detail_pr...', Array, true)
#5 C:\xampp\htdocs\icanmerge\app\Controllers\Admin.php(41): view('admin/detail_pr...', Array)
#6 C:\xampp\htdocs\icanmerge\system\CodeIgniter.php(832): App\Controllers\Admin->detailProduct('3')
#7 C:\xampp\htdocs\icanmerge\system\CodeIgniter.php(419): CodeIgniter\CodeIgniter->runController(Object(App\Controllers\Admin))
#8 C:\xampp\htdocs\icanmerge\system\CodeIgniter.php(326): CodeIgniter\CodeIgniter->handleRequest(NULL, Object(Config\Cache), false)
#9 C:\xampp\htdocs\icanmerge\public\index.php(37): CodeIgniter\CodeIgniter->run()
#10 C:\xampp\htdocs\icanmerge\system\Commands\Server\rewrite.php(43): require_once('C:\\xampp\\htdocs...')
#11 {main}
CRITICAL - 2022-06-23 06:27:38 --> include(../pages/koneksi.php): Failed to open stream: No such file or directory
#0 C:\xampp\htdocs\icanmerge\app\Views\admin\detail_product.php(28): CodeIgniter\Debug\Exceptions->errorHandler(2, 'include(../page...', 'C:\\xampp\\htdocs...', 28)
#1 C:\xampp\htdocs\icanmerge\app\Views\admin\detail_product.php(28): include()
#2 C:\xampp\htdocs\icanmerge\system\View\View.php(210): include('C:\\xampp\\htdocs...')
#3 C:\xampp\htdocs\icanmerge\system\View\View.php(213): CodeIgniter\View\View->CodeIgniter\View\{closure}()
#4 C:\xampp\htdocs\icanmerge\system\Common.php(1089): CodeIgniter\View\View->render('admin/detail_pr...', Array, true)
#5 C:\xampp\htdocs\icanmerge\app\Controllers\Admin.php(41): view('admin/detail_pr...', Array)
#6 C:\xampp\htdocs\icanmerge\system\CodeIgniter.php(832): App\Controllers\Admin->detailProduct('3')
#7 C:\xampp\htdocs\icanmerge\system\CodeIgniter.php(419): CodeIgniter\CodeIgniter->runController(Object(App\Controllers\Admin))
#8 C:\xampp\htdocs\icanmerge\system\CodeIgniter.php(326): CodeIgniter\CodeIgniter->handleRequest(NULL, Object(Config\Cache), false)
#9 C:\xampp\htdocs\icanmerge\public\index.php(37): CodeIgniter\CodeIgniter->run()
#10 C:\xampp\htdocs\icanmerge\system\Commands\Server\rewrite.php(43): require_once('C:\\xampp\\htdocs...')
#11 {main}
CRITICAL - 2022-06-23 06:28:13 --> include(../pages/koneksi.php): Failed to open stream: No such file or directory
#0 C:\xampp\htdocs\icanmerge\app\Views\admin\detail_product.php(28): CodeIgniter\Debug\Exceptions->errorHandler(2, 'include(../page...', 'C:\\xampp\\htdocs...', 28)
#1 C:\xampp\htdocs\icanmerge\app\Views\admin\detail_product.php(28): include()
#2 C:\xampp\htdocs\icanmerge\system\View\View.php(210): include('C:\\xampp\\htdocs...')
#3 C:\xampp\htdocs\icanmerge\system\View\View.php(213): CodeIgniter\View\View->CodeIgniter\View\{closure}()
#4 C:\xampp\htdocs\icanmerge\system\Common.php(1089): CodeIgniter\View\View->render('admin/detail_pr...', Array, true)
#5 C:\xampp\htdocs\icanmerge\app\Controllers\Admin.php(41): view('admin/detail_pr...', Array)
#6 C:\xampp\htdocs\icanmerge\system\CodeIgniter.php(832): App\Controllers\Admin->detailProduct('3')
#7 C:\xampp\htdocs\icanmerge\system\CodeIgniter.php(419): CodeIgniter\CodeIgniter->runController(Object(App\Controllers\Admin))
#8 C:\xampp\htdocs\icanmerge\system\CodeIgniter.php(326): CodeIgniter\CodeIgniter->handleRequest(NULL, Object(Config\Cache), false)
#9 C:\xampp\htdocs\icanmerge\public\index.php(37): CodeIgniter\CodeIgniter->run()
#10 C:\xampp\htdocs\icanmerge\system\Commands\Server\rewrite.php(43): require_once('C:\\xampp\\htdocs...')
#11 {main}
CRITICAL - 2022-06-23 06:28:14 --> include(../pages/koneksi.php): Failed to open stream: No such file or directory
#0 C:\xampp\htdocs\icanmerge\app\Views\admin\detail_product.php(28): CodeIgniter\Debug\Exceptions->errorHandler(2, 'include(../page...', 'C:\\xampp\\htdocs...', 28)
#1 C:\xampp\htdocs\icanmerge\app\Views\admin\detail_product.php(28): include()
#2 C:\xampp\htdocs\icanmerge\system\View\View.php(210): include('C:\\xampp\\htdocs...')
#3 C:\xampp\htdocs\icanmerge\system\View\View.php(213): CodeIgniter\View\View->CodeIgniter\View\{closure}()
#4 C:\xampp\htdocs\icanmerge\system\Common.php(1089): CodeIgniter\View\View->render('admin/detail_pr...', Array, true)
#5 C:\xampp\htdocs\icanmerge\app\Controllers\Admin.php(41): view('admin/detail_pr...', Array)
#6 C:\xampp\htdocs\icanmerge\system\CodeIgniter.php(832): App\Controllers\Admin->detailProduct('3')
#7 C:\xampp\htdocs\icanmerge\system\CodeIgniter.php(419): CodeIgniter\CodeIgniter->runController(Object(App\Controllers\Admin))
#8 C:\xampp\htdocs\icanmerge\system\CodeIgniter.php(326): CodeIgniter\CodeIgniter->handleRequest(NULL, Object(Config\Cache), false)
#9 C:\xampp\htdocs\icanmerge\public\index.php(37): CodeIgniter\CodeIgniter->run()
#10 C:\xampp\htdocs\icanmerge\system\Commands\Server\rewrite.php(43): require_once('C:\\xampp\\htdocs...')
#11 {main}
CRITICAL - 2022-06-23 06:28:15 --> include(../pages/koneksi.php): Failed to open stream: No such file or directory
#0 C:\xampp\htdocs\icanmerge\app\Views\admin\detail_product.php(28): CodeIgniter\Debug\Exceptions->errorHandler(2, 'include(../page...', 'C:\\xampp\\htdocs...', 28)
#1 C:\xampp\htdocs\icanmerge\app\Views\admin\detail_product.php(28): include()
#2 C:\xampp\htdocs\icanmerge\system\View\View.php(210): include('C:\\xampp\\htdocs...')
#3 C:\xampp\htdocs\icanmerge\system\View\View.php(213): CodeIgniter\View\View->CodeIgniter\View\{closure}()
#4 C:\xampp\htdocs\icanmerge\system\Common.php(1089): CodeIgniter\View\View->render('admin/detail_pr...', Array, true)
#5 C:\xampp\htdocs\icanmerge\app\Controllers\Admin.php(41): view('admin/detail_pr...', Array)
#6 C:\xampp\htdocs\icanmerge\system\CodeIgniter.php(832): App\Controllers\Admin->detailProduct('3')
#7 C:\xampp\htdocs\icanmerge\system\CodeIgniter.php(419): CodeIgniter\CodeIgniter->runController(Object(App\Controllers\Admin))
#8 C:\xampp\htdocs\icanmerge\system\CodeIgniter.php(326): CodeIgniter\CodeIgniter->handleRequest(NULL, Object(Config\Cache), false)
#9 C:\xampp\htdocs\icanmerge\public\index.php(37): CodeIgniter\CodeIgniter->run()
#10 C:\xampp\htdocs\icanmerge\system\Commands\Server\rewrite.php(43): require_once('C:\\xampp\\htdocs...')
#11 {main}
CRITICAL - 2022-06-23 07:28:11 --> You do not have sufficient permissions to access that page.
#0 C:\xampp\htdocs\icanmerge\system\Filters\Filters.php(173): Myth\Auth\Filters\RoleFilter->before(Object(CodeIgniter\HTTP\IncomingRequest), Array)
#1 C:\xampp\htdocs\icanmerge\system\CodeIgniter.php(393): CodeIgniter\Filters\Filters->run('dashboard', 'before')
#2 C:\xampp\htdocs\icanmerge\system\CodeIgniter.php(326): CodeIgniter\CodeIgniter->handleRequest(NULL, Object(Config\Cache), false)
#3 C:\xampp\htdocs\icanmerge\public\index.php(37): CodeIgniter\CodeIgniter->run()
#4 C:\xampp\htdocs\icanmerge\system\Commands\Server\rewrite.php(43): require_once('C:\\xampp\\htdocs...')
#5 {main}
CRITICAL - 2022-06-23 07:28:46 --> You do not have sufficient permissions to access that page.
#0 C:\xampp\htdocs\icanmerge\system\Filters\Filters.php(173): Myth\Auth\Filters\RoleFilter->before(Object(CodeIgniter\HTTP\IncomingRequest), Array)
#1 C:\xampp\htdocs\icanmerge\system\CodeIgniter.php(393): CodeIgniter\Filters\Filters->run('dashboard', 'before')
#2 C:\xampp\htdocs\icanmerge\system\CodeIgniter.php(326): CodeIgniter\CodeIgniter->handleRequest(NULL, Object(Config\Cache), false)
#3 C:\xampp\htdocs\icanmerge\public\index.php(37): CodeIgniter\CodeIgniter->run()
#4 C:\xampp\htdocs\icanmerge\system\Commands\Server\rewrite.php(43): require_once('C:\\xampp\\htdocs...')
#5 {main}
CRITICAL - 2022-06-23 07:28:57 --> You do not have sufficient permissions to access that page.
#0 C:\xampp\htdocs\icanmerge\system\Filters\Filters.php(173): Myth\Auth\Filters\RoleFilter->before(Object(CodeIgniter\HTTP\IncomingRequest), Array)
#1 C:\xampp\htdocs\icanmerge\system\CodeIgniter.php(393): CodeIgniter\Filters\Filters->run('dashboard', 'before')
#2 C:\xampp\htdocs\icanmerge\system\CodeIgniter.php(326): CodeIgniter\CodeIgniter->handleRequest(NULL, Object(Config\Cache), false)
#3 C:\xampp\htdocs\icanmerge\public\index.php(37): CodeIgniter\CodeIgniter->run()
#4 C:\xampp\htdocs\icanmerge\system\Commands\Server\rewrite.php(43): require_once('C:\\xampp\\htdocs...')
#5 {main}
CRITICAL - 2022-06-23 07:39:32 --> You do not have sufficient permissions to access that page.
#0 C:\xampp\htdocs\icanmerge\system\Filters\Filters.php(173): Myth\Auth\Filters\RoleFilter->before(Object(CodeIgniter\HTTP\IncomingRequest), Array)
#1 C:\xampp\htdocs\icanmerge\system\CodeIgniter.php(393): CodeIgniter\Filters\Filters->run('dashboard', 'before')
#2 C:\xampp\htdocs\icanmerge\system\CodeIgniter.php(326): CodeIgniter\CodeIgniter->handleRequest(NULL, Object(Config\Cache), false)
#3 C:\xampp\htdocs\icanmerge\public\index.php(37): CodeIgniter\CodeIgniter->run()
#4 C:\xampp\htdocs\icanmerge\system\Commands\Server\rewrite.php(43): require_once('C:\\xampp\\htdocs...')
#5 {main}
CRITICAL - 2022-06-23 07:39:36 --> bid_pagination is not a valid Pager template.
#0 C:\xampp\htdocs\icanmerge\system\Pager\Pager.php(120): CodeIgniter\Pager\Exceptions\PagerException::forInvalidTemplate('bid_pagination')
#1 C:\xampp\htdocs\icanmerge\system\Pager\Pager.php(83): CodeIgniter\Pager\Pager->displayLinks('bid_order', 'bid_pagination')
#2 C:\xampp\htdocs\icanmerge\app\Views\pages\search.php(47): CodeIgniter\Pager\Pager->links('bid_order', 'bid_pagination')
#3 C:\xampp\htdocs\icanmerge\system\View\View.php(210): include('C:\\xampp\\htdocs...')
#4 C:\xampp\htdocs\icanmerge\system\View\View.php(213): CodeIgniter\View\View->CodeIgniter\View\{closure}()
#5 C:\xampp\htdocs\icanmerge\system\Common.php(1089): CodeIgniter\View\View->render('pages/search', Array, true)
#6 C:\xampp\htdocs\icanmerge\app\Controllers\Search.php(50): view('pages/search', Array)
#7 C:\xampp\htdocs\icanmerge\system\CodeIgniter.php(832): App\Controllers\Search->index()
#8 C:\xampp\htdocs\icanmerge\system\CodeIgniter.php(419): CodeIgniter\CodeIgniter->runController(Object(App\Controllers\Search))
#9 C:\xampp\htdocs\icanmerge\system\CodeIgniter.php(326): CodeIgniter\CodeIgniter->handleRequest(NULL, Object(Config\Cache), false)
#10 C:\xampp\htdocs\icanmerge\public\index.php(37): CodeIgniter\CodeIgniter->run()
#11 C:\xampp\htdocs\icanmerge\system\Commands\Server\rewrite.php(43): require_once('C:\\xampp\\htdocs...')
#12 {main}
CRITICAL - 2022-06-23 07:40:08 --> bid_pagination is not a valid Pager template.
#0 C:\xampp\htdocs\icanmerge\system\Pager\Pager.php(120): CodeIgniter\Pager\Exceptions\PagerException::forInvalidTemplate('bid_pagination')
#1 C:\xampp\htdocs\icanmerge\system\Pager\Pager.php(83): CodeIgniter\Pager\Pager->displayLinks('bid_order', 'bid_pagination')
#2 C:\xampp\htdocs\icanmerge\app\Views\pages\search.php(47): CodeIgniter\Pager\Pager->links('bid_order', 'bid_pagination')
#3 C:\xampp\htdocs\icanmerge\system\View\View.php(210): include('C:\\xampp\\htdocs...')
#4 C:\xampp\htdocs\icanmerge\system\View\View.php(213): CodeIgniter\View\View->CodeIgniter\View\{closure}()
#5 C:\xampp\htdocs\icanmerge\system\Common.php(1089): CodeIgniter\View\View->render('pages/search', Array, true)
#6 C:\xampp\htdocs\icanmerge\app\Controllers\Search.php(50): view('pages/search', Array)
#7 C:\xampp\htdocs\icanmerge\system\CodeIgniter.php(832): App\Controllers\Search->index()
#8 C:\xampp\htdocs\icanmerge\system\CodeIgniter.php(419): CodeIgniter\CodeIgniter->runController(Object(App\Controllers\Search))
#9 C:\xampp\htdocs\icanmerge\system\CodeIgniter.php(326): CodeIgniter\CodeIgniter->handleRequest(NULL, Object(Config\Cache), false)
#10 C:\xampp\htdocs\icanmerge\public\index.php(37): CodeIgniter\CodeIgniter->run()
#11 C:\xampp\htdocs\icanmerge\system\Commands\Server\rewrite.php(43): require_once('C:\\xampp\\htdocs...')
#12 {main}
CRITICAL - 2022-06-23 07:40:09 --> bid_pagination is not a valid Pager template.
#0 C:\xampp\htdocs\icanmerge\system\Pager\Pager.php(120): CodeIgniter\Pager\Exceptions\PagerException::forInvalidTemplate('bid_pagination')
#1 C:\xampp\htdocs\icanmerge\system\Pager\Pager.php(83): CodeIgniter\Pager\Pager->displayLinks('bid_order', 'bid_pagination')
#2 C:\xampp\htdocs\icanmerge\app\Views\pages\search.php(47): CodeIgniter\Pager\Pager->links('bid_order', 'bid_pagination')
#3 C:\xampp\htdocs\icanmerge\system\View\View.php(210): include('C:\\xampp\\htdocs...')
#4 C:\xampp\htdocs\icanmerge\system\View\View.php(213): CodeIgniter\View\View->CodeIgniter\View\{closure}()
#5 C:\xampp\htdocs\icanmerge\system\Common.php(1089): CodeIgniter\View\View->render('pages/search', Array, true)
#6 C:\xampp\htdocs\icanmerge\app\Controllers\Search.php(50): view('pages/search', Array)
#7 C:\xampp\htdocs\icanmerge\system\CodeIgniter.php(832): App\Controllers\Search->index()
#8 C:\xampp\htdocs\icanmerge\system\CodeIgniter.php(419): CodeIgniter\CodeIgniter->runController(Object(App\Controllers\Search))
#9 C:\xampp\htdocs\icanmerge\system\CodeIgniter.php(326): CodeIgniter\CodeIgniter->handleRequest(NULL, Object(Config\Cache), false)
#10 C:\xampp\htdocs\icanmerge\public\index.php(37): CodeIgniter\CodeIgniter->run()
#11 C:\xampp\htdocs\icanmerge\system\Commands\Server\rewrite.php(43): require_once('C:\\xampp\\htdocs...')
#12 {main}
CRITICAL - 2022-06-23 07:44:34 --> Call to undefined method App\Models\BidOrder::search
#0 C:\xampp\htdocs\icanmerge\app\Controllers\Search.php(38): CodeIgniter\Model->__call('search', Array)
#1 C:\xampp\htdocs\icanmerge\system\CodeIgniter.php(832): App\Controllers\Search->index()
#2 C:\xampp\htdocs\icanmerge\system\CodeIgniter.php(419): CodeIgniter\CodeIgniter->runController(Object(App\Controllers\Search))
#3 C:\xampp\htdocs\icanmerge\system\CodeIgniter.php(326): CodeIgniter\CodeIgniter->handleRequest(NULL, Object(Config\Cache), false)
#4 C:\xampp\htdocs\icanmerge\public\index.php(37): CodeIgniter\CodeIgniter->run()
#5 C:\xampp\htdocs\icanmerge\system\Commands\Server\rewrite.php(43): require_once('C:\\xampp\\htdocs...')
#6 {main}
CRITICAL - 2022-06-23 08:09:35 --> required, integer is not a valid rule.
#0 C:\xampp\htdocs\icanmerge\system\Validation\Validation.php(300): CodeIgniter\Validation\Exceptions\ValidationException::forRuleNotFound('required, integ...')
#1 C:\xampp\htdocs\icanmerge\system\Validation\Validation.php(157): CodeIgniter\Validation\Validation->processRules('phone_number', 'phone_number', '8asdasd', Array, Array)
#2 C:\xampp\htdocs\icanmerge\system\Controller.php(160): CodeIgniter\Validation\Validation->run()
#3 C:\xampp\htdocs\icanmerge\app\Controllers\User.php(62): CodeIgniter\Controller->validate(Array)
#4 C:\xampp\htdocs\icanmerge\system\CodeIgniter.php(832): App\Controllers\User->update('12')
#5 C:\xampp\htdocs\icanmerge\system\CodeIgniter.php(419): CodeIgniter\CodeIgniter->runController(Object(App\Controllers\User))
#6 C:\xampp\htdocs\icanmerge\system\CodeIgniter.php(326): CodeIgniter\CodeIgniter->handleRequest(NULL, Object(Config\Cache), false)
#7 C:\xampp\htdocs\icanmerge\public\index.php(37): CodeIgniter\CodeIgniter->run()
#8 C:\xampp\htdocs\icanmerge\system\Commands\Server\rewrite.php(43): require_once('C:\\xampp\\htdocs...')
#9 {main}
ERROR - 2022-06-23 08:38:14 --> Column 'picture4' cannot be null
CRITICAL - 2022-06-23 08:38:14 --> Column 'picture4' cannot be null
#0 C:\xampp\htdocs\icanmerge\system\Database\MySQLi\Connection.php(292): mysqli->query('INSERT INTO `pi...', 0)
#1 C:\xampp\htdocs\icanmerge\system\Database\BaseConnection.php(670): CodeIgniter\Database\MySQLi\Connection->execute('INSERT INTO `pi...')
#2 C:\xampp\htdocs\icanmerge\system\Database\BaseConnection.php(598): CodeIgniter\Database\BaseConnection->simpleQuery('INSERT INTO `pi...')
#3 C:\xampp\htdocs\icanmerge\system\Database\BaseBuilder.php(1771): CodeIgniter\Database\BaseConnection->query('INSERT INTO `pi...', Array, false)
#4 C:\xampp\htdocs\icanmerge\app\Models\ImagesModel.php(23): CodeIgniter\Database\BaseBuilder->insert(Array)
#5 C:\xampp\htdocs\icanmerge\app\Controllers\BidOrderC.php(52): App\Models\ImagesModel->insert_images(Array)
#6 C:\xampp\htdocs\icanmerge\system\CodeIgniter.php(832): App\Controllers\BidOrderC->insertBid()
#7 C:\xampp\htdocs\icanmerge\system\CodeIgniter.php(419): CodeIgniter\CodeIgniter->runController(Object(App\Controllers\BidOrderC))
#8 C:\xampp\htdocs\icanmerge\system\CodeIgniter.php(326): CodeIgniter\CodeIgniter->handleRequest(NULL, Object(Config\Cache), false)
#9 C:\xampp\htdocs\icanmerge\public\index.php(37): CodeIgniter\CodeIgniter->run()
#10 C:\xampp\htdocs\icanmerge\system\Commands\Server\rewrite.php(43): require_once('C:\\xampp\\htdocs...')
#11 {main}
CRITICAL - 2022-06-23 08:56:02 --> There is no data to update.
#0 C:\xampp\htdocs\icanmerge\system\BaseModel.php(846): CodeIgniter\Database\Exceptions\DataException::forEmptyDataset('update')
#1 C:\xampp\htdocs\icanmerge\system\Model.php(651): CodeIgniter\BaseModel->update(Array, Array)
#2 C:\xampp\htdocs\icanmerge\system\BaseModel.php(656): CodeIgniter\Model->update('8', Array)
#3 C:\xampp\htdocs\icanmerge\app\Controllers\TransactionC.php(81): CodeIgniter\BaseModel->save(Array)
#4 C:\xampp\htdocs\icanmerge\system\CodeIgniter.php(832): App\Controllers\TransactionC->insertTransaction('3', '120000')
#5 C:\xampp\htdocs\icanmerge\system\CodeIgniter.php(419): CodeIgniter\CodeIgniter->runController(Object(App\Controllers\TransactionC))
#6 C:\xampp\htdocs\icanmerge\system\CodeIgniter.php(326): CodeIgniter\CodeIgniter->handleRequest(NULL, Object(Config\Cache), false)
#7 C:\xampp\htdocs\icanmerge\public\index.php(37): CodeIgniter\CodeIgniter->run()
#8 C:\xampp\htdocs\icanmerge\system\Commands\Server\rewrite.php(43): require_once('C:\\xampp\\htdocs...')
#9 {main}
CRITICAL - 2022-06-23 09:02:19 --> There is no data to update.
#0 C:\xampp\htdocs\icanmerge\system\BaseModel.php(846): CodeIgniter\Database\Exceptions\DataException::forEmptyDataset('update')
#1 C:\xampp\htdocs\icanmerge\system\Model.php(651): CodeIgniter\BaseModel->update(Array, Array)
#2 C:\xampp\htdocs\icanmerge\system\BaseModel.php(656): CodeIgniter\Model->update('8', Array)
#3 C:\xampp\htdocs\icanmerge\app\Controllers\TransactionC.php(81): CodeIgniter\BaseModel->save(Array)
#4 C:\xampp\htdocs\icanmerge\system\CodeIgniter.php(832): App\Controllers\TransactionC->insertTransaction('82452', '320000')
#5 C:\xampp\htdocs\icanmerge\system\CodeIgniter.php(419): CodeIgniter\CodeIgniter->runController(Object(App\Controllers\TransactionC))
#6 C:\xampp\htdocs\icanmerge\system\CodeIgniter.php(326): CodeIgniter\CodeIgniter->handleRequest(NULL, Object(Config\Cache), false)
#7 C:\xampp\htdocs\icanmerge\public\index.php(37): CodeIgniter\CodeIgniter->run()
#8 C:\xampp\htdocs\icanmerge\system\Commands\Server\rewrite.php(43): require_once('C:\\xampp\\htdocs...')
#9 {main}
CRITICAL - 2022-06-23 09:17:40 --> There is no data to update.
#0 C:\xampp\htdocs\icanmerge\system\BaseModel.php(846): CodeIgniter\Database\Exceptions\DataException::forEmptyDataset('update')
#1 C:\xampp\htdocs\icanmerge\system\Model.php(651): CodeIgniter\BaseModel->update(Array, Array)
#2 C:\xampp\htdocs\icanmerge\system\BaseModel.php(656): CodeIgniter\Model->update('8', Array)
#3 C:\xampp\htdocs\icanmerge\app\Controllers\TransactionC.php(81): CodeIgniter\BaseModel->save(Array)
#4 C:\xampp\htdocs\icanmerge\system\CodeIgniter.php(832): App\Controllers\TransactionC->insertTransaction('82452', '320000')
#5 C:\xampp\htdocs\icanmerge\system\CodeIgniter.php(419): CodeIgniter\CodeIgniter->runController(Object(App\Controllers\TransactionC))
#6 C:\xampp\htdocs\icanmerge\system\CodeIgniter.php(326): CodeIgniter\CodeIgniter->handleRequest(NULL, Object(Config\Cache), false)
#7 C:\xampp\htdocs\icanmerge\public\index.php(37): CodeIgniter\CodeIgniter->run()
#8 C:\xampp\htdocs\icanmerge\system\Commands\Server\rewrite.php(43): require_once('C:\\xampp\\htdocs...')
#9 {main}
CRITICAL - 2022-06-23 09:20:37 --> There is no data to update.
#0 C:\xampp\htdocs\icanmerge\system\BaseModel.php(846): CodeIgniter\Database\Exceptions\DataException::forEmptyDataset('update')
#1 C:\xampp\htdocs\icanmerge\system\Model.php(651): CodeIgniter\BaseModel->update(Array, Array)
#2 C:\xampp\htdocs\icanmerge\system\BaseModel.php(656): CodeIgniter\Model->update('8', Array)
#3 C:\xampp\htdocs\icanmerge\app\Controllers\TransactionC.php(81): CodeIgniter\BaseModel->save(Array)
#4 C:\xampp\htdocs\icanmerge\system\CodeIgniter.php(832): App\Controllers\TransactionC->insertTransaction('82452', '320000')
#5 C:\xampp\htdocs\icanmerge\system\CodeIgniter.php(419): CodeIgniter\CodeIgniter->runController(Object(App\Controllers\TransactionC))
#6 C:\xampp\htdocs\icanmerge\system\CodeIgniter.php(326): CodeIgniter\CodeIgniter->handleRequest(NULL, Object(Config\Cache), false)
#7 C:\xampp\htdocs\icanmerge\public\index.php(37): CodeIgniter\CodeIgniter->run()
#8 C:\xampp\htdocs\icanmerge\system\Commands\Server\rewrite.php(43): require_once('C:\\xampp\\htdocs...')
#9 {main}
ERROR - 2022-06-23 10:05:43 --> Cannot add or update a child row: a foreign key constraint fails (`icanmerge`.`bid_order`, CONSTRAINT `FK_user_id` FOREIGN KEY (`user_id`) REFERENCES `users` (`id`) ON DELETE CASCADE ON UPDATE CASCADE)
CRITICAL - 2022-06-23 10:05:43 --> Cannot add or update a child row: a foreign key constraint fails (`icanmerge`.`bid_order`, CONSTRAINT `FK_user_id` FOREIGN KEY (`user_id`) REFERENCES `users` (`id`) ON DELETE CASCADE ON UPDATE CASCADE)
#0 C:\xampp\htdocs\icanmerge\system\Database\MySQLi\Connection.php(292): mysqli->query('INSERT INTO `bi...', 0)
#1 C:\xampp\htdocs\icanmerge\system\Database\BaseConnection.php(670): CodeIgniter\Database\MySQLi\Connection->execute('INSERT INTO `bi...')
#2 C:\xampp\htdocs\icanmerge\system\Database\BaseConnection.php(598): CodeIgniter\Database\BaseConnection->simpleQuery('INSERT INTO `bi...')
#3 C:\xampp\htdocs\icanmerge\system\Database\BaseBuilder.php(1771): CodeIgniter\Database\BaseConnection->query('INSERT INTO `bi...', Array, false)
#4 C:\xampp\htdocs\icanmerge\system\Model.php(239): CodeIgniter\Database\BaseBuilder->insert()
#5 C:\xampp\htdocs\icanmerge\system\BaseModel.php(738): CodeIgniter\Model->doInsert(Array)
#6 C:\xampp\htdocs\icanmerge\system\Model.php(625): CodeIgniter\BaseModel->insert(Array, false)
#7 C:\xampp\htdocs\icanmerge\system\BaseModel.php(658): CodeIgniter\Model->insert(Array, false)
#8 C:\xampp\htdocs\icanmerge\app\Controllers\Admin.php(47): CodeIgniter\BaseModel->save(Array)
#9 C:\xampp\htdocs\icanmerge\system\CodeIgniter.php(832): App\Controllers\Admin->accept('19583')
#10 C:\xampp\htdocs\icanmerge\system\CodeIgniter.php(419): CodeIgniter\CodeIgniter->runController(Object(App\Controllers\Admin))
#11 C:\xampp\htdocs\icanmerge\system\CodeIgniter.php(326): CodeIgniter\CodeIgniter->handleRequest(NULL, Object(Config\Cache), false)
#12 C:\xampp\htdocs\icanmerge\public\index.php(37): CodeIgniter\CodeIgniter->run()
#13 C:\xampp\htdocs\icanmerge\system\Commands\Server\rewrite.php(43): require_once('C:\\xampp\\htdocs...')
#14 {main}
CRITICAL - 2022-06-23 10:17:49 --> Undefined variable $60000
#0 C:\xampp\htdocs\icanmerge\app\Views\pages\detail_product.php(96): CodeIgniter\Debug\Exceptions->errorHandler(2, 'Undefined varia...', 'C:\\xampp\\htdocs...', 96)
#1 C:\xampp\htdocs\icanmerge\system\View\View.php(210): include('C:\\xampp\\htdocs...')
#2 C:\xampp\htdocs\icanmerge\system\View\View.php(213): CodeIgniter\View\View->CodeIgniter\View\{closure}()
#3 C:\xampp\htdocs\icanmerge\system\Common.php(1089): CodeIgniter\View\View->render('pages/detail_pr...', Array, true)
#4 C:\xampp\htdocs\icanmerge\app\Controllers\Pages.php(67): view('pages/detail_pr...', Array)
#5 C:\xampp\htdocs\icanmerge\system\CodeIgniter.php(832): App\Controllers\Pages->pdDetail('19583')
#6 C:\xampp\htdocs\icanmerge\system\CodeIgniter.php(419): CodeIgniter\CodeIgniter->runController(Object(App\Controllers\Pages))
#7 C:\xampp\htdocs\icanmerge\system\CodeIgniter.php(326): CodeIgniter\CodeIgniter->handleRequest(NULL, Object(Config\Cache), false)
#8 C:\xampp\htdocs\icanmerge\public\index.php(37): CodeIgniter\CodeIgniter->run()
#9 C:\xampp\htdocs\icanmerge\system\Commands\Server\rewrite.php(43): require_once('C:\\xampp\\htdocs...')
#10 {main}
CRITICAL - 2022-06-23 10:19:31 --> Undefined variable $60000
#0 C:\xampp\htdocs\icanmerge\app\Views\pages\detail_product.php(96): CodeIgniter\Debug\Exceptions->errorHandler(2, 'Undefined varia...', 'C:\\xampp\\htdocs...', 96)
#1 C:\xampp\htdocs\icanmerge\system\View\View.php(210): include('C:\\xampp\\htdocs...')
#2 C:\xampp\htdocs\icanmerge\system\View\View.php(213): CodeIgniter\View\View->CodeIgniter\View\{closure}()
#3 C:\xampp\htdocs\icanmerge\system\Common.php(1089): CodeIgniter\View\View->render('pages/detail_pr...', Array, true)
#4 C:\xampp\htdocs\icanmerge\app\Controllers\Pages.php(67): view('pages/detail_pr...', Array)
#5 C:\xampp\htdocs\icanmerge\system\CodeIgniter.php(832): App\Controllers\Pages->pdDetail('19583')
#6 C:\xampp\htdocs\icanmerge\system\CodeIgniter.php(419): CodeIgniter\CodeIgniter->runController(Object(App\Controllers\Pages))
#7 C:\xampp\htdocs\icanmerge\system\CodeIgniter.php(326): CodeIgniter\CodeIgniter->handleRequest(NULL, Object(Config\Cache), false)
#8 C:\xampp\htdocs\icanmerge\public\index.php(37): CodeIgniter\CodeIgniter->run()
#9 C:\xampp\htdocs\icanmerge\system\Commands\Server\rewrite.php(43): require_once('C:\\xampp\\htdocs...')
#10 {main}
CRITICAL - 2022-06-23 10:19:32 --> Undefined variable $60000
#0 C:\xampp\htdocs\icanmerge\app\Views\pages\detail_product.php(96): CodeIgniter\Debug\Exceptions->errorHandler(2, 'Undefined varia...', 'C:\\xampp\\htdocs...', 96)
#1 C:\xampp\htdocs\icanmerge\system\View\View.php(210): include('C:\\xampp\\htdocs...')
#2 C:\xampp\htdocs\icanmerge\system\View\View.php(213): CodeIgniter\View\View->CodeIgniter\View\{closure}()
#3 C:\xampp\htdocs\icanmerge\system\Common.php(1089): CodeIgniter\View\View->render('pages/detail_pr...', Array, true)
#4 C:\xampp\htdocs\icanmerge\app\Controllers\Pages.php(67): view('pages/detail_pr...', Array)
#5 C:\xampp\htdocs\icanmerge\system\CodeIgniter.php(832): App\Controllers\Pages->pdDetail('19583')
#6 C:\xampp\htdocs\icanmerge\system\CodeIgniter.php(419): CodeIgniter\CodeIgniter->runController(Object(App\Controllers\Pages))
#7 C:\xampp\htdocs\icanmerge\system\CodeIgniter.php(326): CodeIgniter\CodeIgniter->handleRequest(NULL, Object(Config\Cache), false)
#8 C:\xampp\htdocs\icanmerge\public\index.php(37): CodeIgniter\CodeIgniter->run()
#9 C:\xampp\htdocs\icanmerge\system\Commands\Server\rewrite.php(43): require_once('C:\\xampp\\htdocs...')
#10 {main}
CRITICAL - 2022-06-23 10:19:54 --> Undefined variable $60000
#0 C:\xampp\htdocs\icanmerge\app\Views\pages\detail_product.php(96): CodeIgniter\Debug\Exceptions->errorHandler(2, 'Undefined varia...', 'C:\\xampp\\htdocs...', 96)
#1 C:\xampp\htdocs\icanmerge\system\View\View.php(210): include('C:\\xampp\\htdocs...')
#2 C:\xampp\htdocs\icanmerge\system\View\View.php(213): CodeIgniter\View\View->CodeIgniter\View\{closure}()
#3 C:\xampp\htdocs\icanmerge\system\Common.php(1089): CodeIgniter\View\View->render('pages/detail_pr...', Array, true)
#4 C:\xampp\htdocs\icanmerge\app\Controllers\Pages.php(67): view('pages/detail_pr...', Array)
#5 C:\xampp\htdocs\icanmerge\system\CodeIgniter.php(832): App\Controllers\Pages->pdDetail('19583')
#6 C:\xampp\htdocs\icanmerge\system\CodeIgniter.php(419): CodeIgniter\CodeIgniter->runController(Object(App\Controllers\Pages))
#7 C:\xampp\htdocs\icanmerge\system\CodeIgniter.php(326): CodeIgniter\CodeIgniter->handleRequest(NULL, Object(Config\Cache), false)
#8 C:\xampp\htdocs\icanmerge\public\index.php(37): CodeIgniter\CodeIgniter->run()
#9 C:\xampp\htdocs\icanmerge\system\Commands\Server\rewrite.php(43): require_once('C:\\xampp\\htdocs...')
#10 {main}
CRITICAL - 2022-06-23 10:21:14 --> Undefined variable $60000
#0 C:\xampp\htdocs\icanmerge\app\Views\pages\detail_product.php(96): CodeIgniter\Debug\Exceptions->errorHandler(2, 'Undefined varia...', 'C:\\xampp\\htdocs...', 96)
#1 C:\xampp\htdocs\icanmerge\system\View\View.php(210): include('C:\\xampp\\htdocs...')
#2 C:\xampp\htdocs\icanmerge\system\View\View.php(213): CodeIgniter\View\View->CodeIgniter\View\{closure}()
#3 C:\xampp\htdocs\icanmerge\system\Common.php(1089): CodeIgniter\View\View->render('pages/detail_pr...', Array, true)
#4 C:\xampp\htdocs\icanmerge\app\Controllers\Pages.php(67): view('pages/detail_pr...', Array)
#5 C:\xampp\htdocs\icanmerge\system\CodeIgniter.php(832): App\Controllers\Pages->pdDetail('19583')
#6 C:\xampp\htdocs\icanmerge\system\CodeIgniter.php(419): CodeIgniter\CodeIgniter->runController(Object(App\Controllers\Pages))
#7 C:\xampp\htdocs\icanmerge\system\CodeIgniter.php(326): CodeIgniter\CodeIgniter->handleRequest(NULL, Object(Config\Cache), false)
#8 C:\xampp\htdocs\icanmerge\public\index.php(37): CodeIgniter\CodeIgniter->run()
#9 C:\xampp\htdocs\icanmerge\system\Commands\Server\rewrite.php(43): require_once('C:\\xampp\\htdocs...')
#10 {main}
CRITICAL - 2022-06-23 10:21:31 --> Undefined variable $60000
#0 C:\xampp\htdocs\icanmerge\app\Views\pages\detail_product.php(96): CodeIgniter\Debug\Exceptions->errorHandler(2, 'Undefined varia...', 'C:\\xampp\\htdocs...', 96)
#1 C:\xampp\htdocs\icanmerge\system\View\View.php(210): include('C:\\xampp\\htdocs...')
#2 C:\xampp\htdocs\icanmerge\system\View\View.php(213): CodeIgniter\View\View->CodeIgniter\View\{closure}()
#3 C:\xampp\htdocs\icanmerge\system\Common.php(1089): CodeIgniter\View\View->render('pages/detail_pr...', Array, true)
#4 C:\xampp\htdocs\icanmerge\app\Controllers\Pages.php(67): view('pages/detail_pr...', Array)
#5 C:\xampp\htdocs\icanmerge\system\CodeIgniter.php(832): App\Controllers\Pages->pdDetail('19583')
#6 C:\xampp\htdocs\icanmerge\system\CodeIgniter.php(419): CodeIgniter\CodeIgniter->runController(Object(App\Controllers\Pages))
#7 C:\xampp\htdocs\icanmerge\system\CodeIgniter.php(326): CodeIgniter\CodeIgniter->handleRequest(NULL, Object(Config\Cache), false)
#8 C:\xampp\htdocs\icanmerge\public\index.php(37): CodeIgniter\CodeIgniter->run()
#9 C:\xampp\htdocs\icanmerge\system\Commands\Server\rewrite.php(43): require_once('C:\\xampp\\htdocs...')
#10 {main}
CRITICAL - 2022-06-23 10:21:32 --> Undefined variable $60000
#0 C:\xampp\htdocs\icanmerge\app\Views\pages\detail_product.php(96): CodeIgniter\Debug\Exceptions->errorHandler(2, 'Undefined varia...', 'C:\\xampp\\htdocs...', 96)
#1 C:\xampp\htdocs\icanmerge\system\View\View.php(210): include('C:\\xampp\\htdocs...')
#2 C:\xampp\htdocs\icanmerge\system\View\View.php(213): CodeIgniter\View\View->CodeIgniter\View\{closure}()
#3 C:\xampp\htdocs\icanmerge\system\Common.php(1089): CodeIgniter\View\View->render('pages/detail_pr...', Array, true)
#4 C:\xampp\htdocs\icanmerge\app\Controllers\Pages.php(67): view('pages/detail_pr...', Array)
#5 C:\xampp\htdocs\icanmerge\system\CodeIgniter.php(832): App\Controllers\Pages->pdDetail('19583')
#6 C:\xampp\htdocs\icanmerge\system\CodeIgniter.php(419): CodeIgniter\CodeIgniter->runController(Object(App\Controllers\Pages))
#7 C:\xampp\htdocs\icanmerge\system\CodeIgniter.php(326): CodeIgniter\CodeIgniter->handleRequest(NULL, Object(Config\Cache), false)
#8 C:\xampp\htdocs\icanmerge\public\index.php(37): CodeIgniter\CodeIgniter->run()
#9 C:\xampp\htdocs\icanmerge\system\Commands\Server\rewrite.php(43): require_once('C:\\xampp\\htdocs...')
#10 {main}
CRITICAL - 2022-06-23 10:22:37 --> Undefined variable $60000
#0 C:\xampp\htdocs\icanmerge\app\Views\pages\detail_product.php(75): CodeIgniter\Debug\Exceptions->errorHandler(2, 'Undefined varia...', 'C:\\xampp\\htdocs...', 75)
#1 C:\xampp\htdocs\icanmerge\system\View\View.php(210): include('C:\\xampp\\htdocs...')
#2 C:\xampp\htdocs\icanmerge\system\View\View.php(213): CodeIgniter\View\View->CodeIgniter\View\{closure}()
#3 C:\xampp\htdocs\icanmerge\system\Common.php(1089): CodeIgniter\View\View->render('pages/detail_pr...', Array, true)
#4 C:\xampp\htdocs\icanmerge\app\Controllers\Pages.php(67): view('pages/detail_pr...', Array)
#5 C:\xampp\htdocs\icanmerge\system\CodeIgniter.php(832): App\Controllers\Pages->pdDetail('19583')
#6 C:\xampp\htdocs\icanmerge\system\CodeIgniter.php(419): CodeIgniter\CodeIgniter->runController(Object(App\Controllers\Pages))
#7 C:\xampp\htdocs\icanmerge\system\CodeIgniter.php(326): CodeIgniter\CodeIgniter->handleRequest(NULL, Object(Config\Cache), false)
#8 C:\xampp\htdocs\icanmerge\public\index.php(37): CodeIgniter\CodeIgniter->run()
#9 C:\xampp\htdocs\icanmerge\system\Commands\Server\rewrite.php(43): require_once('C:\\xampp\\htdocs...')
#10 {main}
CRITICAL - 2022-06-23 10:22:38 --> Undefined variable $60000
#0 C:\xampp\htdocs\icanmerge\app\Views\pages\detail_product.php(75): CodeIgniter\Debug\Exceptions->errorHandler(2, 'Undefined varia...', 'C:\\xampp\\htdocs...', 75)
#1 C:\xampp\htdocs\icanmerge\system\View\View.php(210): include('C:\\xampp\\htdocs...')
#2 C:\xampp\htdocs\icanmerge\system\View\View.php(213): CodeIgniter\View\View->CodeIgniter\View\{closure}()
#3 C:\xampp\htdocs\icanmerge\system\Common.php(1089): CodeIgniter\View\View->render('pages/detail_pr...', Array, true)
#4 C:\xampp\htdocs\icanmerge\app\Controllers\Pages.php(67): view('pages/detail_pr...', Array)
#5 C:\xampp\htdocs\icanmerge\system\CodeIgniter.php(832): App\Controllers\Pages->pdDetail('19583')
#6 C:\xampp\htdocs\icanmerge\system\CodeIgniter.php(419): CodeIgniter\CodeIgniter->runController(Object(App\Controllers\Pages))
#7 C:\xampp\htdocs\icanmerge\system\CodeIgniter.php(326): CodeIgniter\CodeIgniter->handleRequest(NULL, Object(Config\Cache), false)
#8 C:\xampp\htdocs\icanmerge\public\index.php(37): CodeIgniter\CodeIgniter->run()
#9 C:\xampp\htdocs\icanmerge\system\Commands\Server\rewrite.php(43): require_once('C:\\xampp\\htdocs...')
#10 {main}
CRITICAL - 2022-06-23 11:03:33 --> Undefined variable $validation
#0 C:\xampp\htdocs\icanmerge\app\Views\pages\checkout.php(62): CodeIgniter\Debug\Exceptions->errorHandler(2, 'Undefined varia...', 'C:\\xampp\\htdocs...', 62)
#1 C:\xampp\htdocs\icanmerge\system\View\View.php(210): include('C:\\xampp\\htdocs...')
#2 C:\xampp\htdocs\icanmerge\system\View\View.php(213): CodeIgniter\View\View->CodeIgniter\View\{closure}()
#3 C:\xampp\htdocs\icanmerge\system\Common.php(1089): CodeIgniter\View\View->render('pages/checkout', Array, true)
#4 C:\xampp\htdocs\icanmerge\app\Controllers\TransactionC.php(36): view('pages/checkout', Array)
#5 C:\xampp\htdocs\icanmerge\system\CodeIgniter.php(832): App\Controllers\TransactionC->checkout('1')
#6 C:\xampp\htdocs\icanmerge\system\CodeIgniter.php(419): CodeIgniter\CodeIgniter->runController(Object(App\Controllers\TransactionC))
#7 C:\xampp\htdocs\icanmerge\system\CodeIgniter.php(326): CodeIgniter\CodeIgniter->handleRequest(NULL, Object(Config\Cache), false)
#8 C:\xampp\htdocs\icanmerge\public\index.php(37): CodeIgniter\CodeIgniter->run()
#9 C:\xampp\htdocs\icanmerge\system\Commands\Server\rewrite.php(43): require_once('C:\\xampp\\htdocs...')
#10 {main}
CRITICAL - 2022-06-23 11:04:57 --> Undefined variable $validation
#0 C:\xampp\htdocs\icanmerge\app\Views\pages\checkout.php(63): CodeIgniter\Debug\Exceptions->errorHandler(2, 'Undefined varia...', 'C:\\xampp\\htdocs...', 63)
#1 C:\xampp\htdocs\icanmerge\system\View\View.php(210): include('C:\\xampp\\htdocs...')
#2 C:\xampp\htdocs\icanmerge\system\View\View.php(213): CodeIgniter\View\View->CodeIgniter\View\{closure}()
#3 C:\xampp\htdocs\icanmerge\system\Common.php(1089): CodeIgniter\View\View->render('pages/checkout', Array, true)
#4 C:\xampp\htdocs\icanmerge\app\Controllers\TransactionC.php(36): view('pages/checkout', Array)
#5 C:\xampp\htdocs\icanmerge\system\CodeIgniter.php(832): App\Controllers\TransactionC->checkout('1')
#6 C:\xampp\htdocs\icanmerge\system\CodeIgniter.php(419): CodeIgniter\CodeIgniter->runController(Object(App\Controllers\TransactionC))
#7 C:\xampp\htdocs\icanmerge\system\CodeIgniter.php(326): CodeIgniter\CodeIgniter->handleRequest(NULL, Object(Config\Cache), false)
#8 C:\xampp\htdocs\icanmerge\public\index.php(37): CodeIgniter\CodeIgniter->run()
#9 C:\xampp\htdocs\icanmerge\system\Commands\Server\rewrite.php(43): require_once('C:\\xampp\\htdocs...')
#10 {main}
CRITICAL - 2022-06-23 11:05:07 --> Undefined variable $validation
#0 C:\xampp\htdocs\icanmerge\app\Views\pages\checkout.php(63): CodeIgniter\Debug\Exceptions->errorHandler(2, 'Undefined varia...', 'C:\\xampp\\htdocs...', 63)
#1 C:\xampp\htdocs\icanmerge\system\View\View.php(210): include('C:\\xampp\\htdocs...')
#2 C:\xampp\htdocs\icanmerge\system\View\View.php(213): CodeIgniter\View\View->CodeIgniter\View\{closure}()
#3 C:\xampp\htdocs\icanmerge\system\Common.php(1089): CodeIgniter\View\View->render('pages/checkout', Array, true)
#4 C:\xampp\htdocs\icanmerge\app\Controllers\TransactionC.php(36): view('pages/checkout', Array)
#5 C:\xampp\htdocs\icanmerge\system\CodeIgniter.php(832): App\Controllers\TransactionC->checkout('1')
#6 C:\xampp\htdocs\icanmerge\system\CodeIgniter.php(419): CodeIgniter\CodeIgniter->runController(Object(App\Controllers\TransactionC))
#7 C:\xampp\htdocs\icanmerge\system\CodeIgniter.php(326): CodeIgniter\CodeIgniter->handleRequest(NULL, Object(Config\Cache), false)
#8 C:\xampp\htdocs\icanmerge\public\index.php(37): CodeIgniter\CodeIgniter->run()
#9 C:\xampp\htdocs\icanmerge\system\Commands\Server\rewrite.php(43): require_once('C:\\xampp\\htdocs...')
#10 {main}
ERROR - 2022-06-23 11:18:39 --> Column 'full_address' cannot be null
CRITICAL - 2022-06-23 11:18:39 --> Column 'full_address' cannot be null
#0 C:\xampp\htdocs\icanmerge\system\Database\MySQLi\Connection.php(292): mysqli->query('INSERT INTO `sh...', 0)
#1 C:\xampp\htdocs\icanmerge\system\Database\BaseConnection.php(670): CodeIgniter\Database\MySQLi\Connection->execute('INSERT INTO `sh...')
#2 C:\xampp\htdocs\icanmerge\system\Database\BaseConnection.php(598): CodeIgniter\Database\BaseConnection->simpleQuery('INSERT INTO `sh...')
#3 C:\xampp\htdocs\icanmerge\system\Database\BaseBuilder.php(1771): CodeIgniter\Database\BaseConnection->query('INSERT INTO `sh...', Array, false)
#4 C:\xampp\htdocs\icanmerge\app\Models\ShippingModel.php(25): CodeIgniter\Database\BaseBuilder->insert(Array)
#5 C:\xampp\htdocs\icanmerge\app\Controllers\TransactionC.php(64): App\Models\ShippingModel->insert_shippingAddress(Array)
#6 C:\xampp\htdocs\icanmerge\system\CodeIgniter.php(832): App\Controllers\TransactionC->insertTransaction('56302', '60000')
#7 C:\xampp\htdocs\icanmerge\system\CodeIgniter.php(419): CodeIgniter\CodeIgniter->runController(Object(App\Controllers\TransactionC))
#8 C:\xampp\htdocs\icanmerge\system\CodeIgniter.php(326): CodeIgniter\CodeIgniter->handleRequest(NULL, Object(Config\Cache), false)
#9 C:\xampp\htdocs\icanmerge\public\index.php(37): CodeIgniter\CodeIgniter->run()
#10 C:\xampp\htdocs\icanmerge\system\Commands\Server\rewrite.php(43): require_once('C:\\xampp\\htdocs...')
#11 {main}
CRITICAL - 2022-06-23 11:29:54 --> Undefined variable $idTransaction
#0 C:\xampp\htdocs\icanmerge\app\Controllers\TransactionC.php(70): CodeIgniter\Debug\Exceptions->errorHandler(2, 'Undefined varia...', 'C:\\xampp\\htdocs...', 70)
#1 C:\xampp\htdocs\icanmerge\system\CodeIgniter.php(832): App\Controllers\TransactionC->insertTransaction('59930', '70000')
#2 C:\xampp\htdocs\icanmerge\system\CodeIgniter.php(419): CodeIgniter\CodeIgniter->runController(Object(App\Controllers\TransactionC))
#3 C:\xampp\htdocs\icanmerge\system\CodeIgniter.php(326): CodeIgniter\CodeIgniter->handleRequest(NULL, Object(Config\Cache), false)
#4 C:\xampp\htdocs\icanmerge\public\index.php(37): CodeIgniter\CodeIgniter->run()
#5 C:\xampp\htdocs\icanmerge\system\Commands\Server\rewrite.php(43): require_once('C:\\xampp\\htdocs...')
#6 {main}
CRITICAL - 2022-06-23 11:34:39 --> You do not have sufficient permissions to access that page.
#0 C:\xampp\htdocs\icanmerge\system\Filters\Filters.php(173): Myth\Auth\Filters\RoleFilter->before(Object(CodeIgniter\HTTP\IncomingRequest), Array)
#1 C:\xampp\htdocs\icanmerge\system\CodeIgniter.php(393): CodeIgniter\Filters\Filters->run('detail/33471', 'before')
#2 C:\xampp\htdocs\icanmerge\system\CodeIgniter.php(326): CodeIgniter\CodeIgniter->handleRequest(NULL, Object(Config\Cache), false)
#3 C:\xampp\htdocs\icanmerge\public\index.php(37): CodeIgniter\CodeIgniter->run()
#4 C:\xampp\htdocs\icanmerge\system\Commands\Server\rewrite.php(43): require_once('C:\\xampp\\htdocs...')
#5 {main}
