CRITICAL - 2022-06-08 01:45:45 --> session_start(): Ignoring session_start() because a session is already active
#0 [internal function]: CodeIgniter\Debug\Exceptions->errorHandler(8, 'session_start()...', 'C:\\xampp\\htdocs...', 3)
#1 C:\xampp\htdocs\i-can - Copy\app\Views\pages\index.php(3): session_start()
#2 C:\xampp\htdocs\i-can - Copy\system\View\View.php(210): include('C:\\xampp\\htdocs...')
#3 C:\xampp\htdocs\i-can - Copy\system\View\View.php(213): CodeIgniter\View\View->CodeIgniter\View\{closure}()
#4 C:\xampp\htdocs\i-can - Copy\system\Common.php(1089): CodeIgniter\View\View->render('pages/index', Array, true)
#5 C:\xampp\htdocs\i-can - Copy\app\Controllers\Home.php(17): view('pages/index')
#6 C:\xampp\htdocs\i-can - Copy\system\CodeIgniter.php(832): App\Controllers\Home->index()
#7 C:\xampp\htdocs\i-can - Copy\system\CodeIgniter.php(419): CodeIgniter\CodeIgniter->runController(Object(App\Controllers\Home))
#8 C:\xampp\htdocs\i-can - Copy\system\CodeIgniter.php(326): CodeIgniter\CodeIgniter->handleRequest(NULL, Object(Config\Cache), false)
#9 C:\xampp\htdocs\i-can - Copy\public\index.php(37): CodeIgniter\CodeIgniter->run()
#10 C:\xampp\htdocs\i-can - Copy\system\Commands\Server\rewrite.php(43): require_once('C:\\xampp\\htdocs...')
#11 {main}
CRITICAL - 2022-06-08 01:46:17 --> session_start(): Ignoring session_start() because a session is already active
#0 [internal function]: CodeIgniter\Debug\Exceptions->errorHandler(8, 'session_start()...', 'C:\\xampp\\htdocs...', 3)
#1 C:\xampp\htdocs\i-can - Copy\app\Views\pages\index.php(3): session_start()
#2 C:\xampp\htdocs\i-can - Copy\system\View\View.php(210): include('C:\\xampp\\htdocs...')
#3 C:\xampp\htdocs\i-can - Copy\system\View\View.php(213): CodeIgniter\View\View->CodeIgniter\View\{closure}()
#4 C:\xampp\htdocs\i-can - Copy\system\Common.php(1089): CodeIgniter\View\View->render('pages/index', Array, true)
#5 C:\xampp\htdocs\i-can - Copy\app\Controllers\Home.php(17): view('pages/index')
#6 C:\xampp\htdocs\i-can - Copy\system\CodeIgniter.php(832): App\Controllers\Home->index()
#7 C:\xampp\htdocs\i-can - Copy\system\CodeIgniter.php(419): CodeIgniter\CodeIgniter->runController(Object(App\Controllers\Home))
#8 C:\xampp\htdocs\i-can - Copy\system\CodeIgniter.php(326): CodeIgniter\CodeIgniter->handleRequest(NULL, Object(Config\Cache), false)
#9 C:\xampp\htdocs\i-can - Copy\public\index.php(37): CodeIgniter\CodeIgniter->run()
#10 C:\xampp\htdocs\i-can - Copy\system\Commands\Server\rewrite.php(43): require_once('C:\\xampp\\htdocs...')
#11 {main}
CRITICAL - 2022-06-08 01:46:42 --> Unknown column 'b.picture_product_id' in 'on clause'
#0 C:\xampp\htdocs\i-can - Copy\app\Views\pages\index.php(101): mysqli_query(Object(mysqli), 'SELECT DISTINCT...')
#1 C:\xampp\htdocs\i-can - Copy\system\View\View.php(210): include('C:\\xampp\\htdocs...')
#2 C:\xampp\htdocs\i-can - Copy\system\View\View.php(213): CodeIgniter\View\View->CodeIgniter\View\{closure}()
#3 C:\xampp\htdocs\i-can - Copy\system\Common.php(1089): CodeIgniter\View\View->render('pages/index', Array, true)
#4 C:\xampp\htdocs\i-can - Copy\app\Controllers\Home.php(17): view('pages/index')
#5 C:\xampp\htdocs\i-can - Copy\system\CodeIgniter.php(832): App\Controllers\Home->index()
#6 C:\xampp\htdocs\i-can - Copy\system\CodeIgniter.php(419): CodeIgniter\CodeIgniter->runController(Object(App\Controllers\Home))
#7 C:\xampp\htdocs\i-can - Copy\system\CodeIgniter.php(326): CodeIgniter\CodeIgniter->handleRequest(NULL, Object(Config\Cache), false)
#8 C:\xampp\htdocs\i-can - Copy\public\index.php(37): CodeIgniter\CodeIgniter->run()
#9 C:\xampp\htdocs\i-can - Copy\system\Commands\Server\rewrite.php(43): require_once('C:\\xampp\\htdocs...')
#10 {main}
CRITICAL - 2022-06-08 01:59:10 --> session_start(): Ignoring session_start() because a session is already active
#0 [internal function]: CodeIgniter\Debug\Exceptions->errorHandler(8, 'session_start()...', 'C:\\xampp\\htdocs...', 3)
#1 C:\xampp\htdocs\i-can - Copy\app\Views\pages\detail_product.php(3): session_start()
#2 C:\xampp\htdocs\i-can - Copy\system\View\View.php(210): include('C:\\xampp\\htdocs...')
#3 C:\xampp\htdocs\i-can - Copy\system\View\View.php(213): CodeIgniter\View\View->CodeIgniter\View\{closure}()
#4 C:\xampp\htdocs\i-can - Copy\system\Common.php(1089): CodeIgniter\View\View->render('pages/detail_pr...', Array, true)
#5 C:\xampp\htdocs\i-can - Copy\app\Controllers\Home.php(28): view('pages/detail_pr...', Array)
#6 C:\xampp\htdocs\i-can - Copy\system\CodeIgniter.php(832): App\Controllers\Home->pdDetail('1')
#7 C:\xampp\htdocs\i-can - Copy\system\CodeIgniter.php(419): CodeIgniter\CodeIgniter->runController(Object(App\Controllers\Home))
#8 C:\xampp\htdocs\i-can - Copy\system\CodeIgniter.php(326): CodeIgniter\CodeIgniter->handleRequest(NULL, Object(Config\Cache), false)
#9 C:\xampp\htdocs\i-can - Copy\public\index.php(37): CodeIgniter\CodeIgniter->run()
#10 C:\xampp\htdocs\i-can - Copy\system\Commands\Server\rewrite.php(43): require_once('C:\\xampp\\htdocs...')
#11 {main}
CRITICAL - 2022-06-08 01:59:38 --> Table 'icanlelang.user' doesn't exist
#0 C:\xampp\htdocs\i-can - Copy\app\Views\pages\detail_product.php(61): mysqli_query(Object(mysqli), 'SELECT * FROM u...')
#1 C:\xampp\htdocs\i-can - Copy\system\View\View.php(210): include('C:\\xampp\\htdocs...')
#2 C:\xampp\htdocs\i-can - Copy\system\View\View.php(213): CodeIgniter\View\View->CodeIgniter\View\{closure}()
#3 C:\xampp\htdocs\i-can - Copy\system\Common.php(1089): CodeIgniter\View\View->render('pages/detail_pr...', Array, true)
#4 C:\xampp\htdocs\i-can - Copy\app\Controllers\Home.php(28): view('pages/detail_pr...', Array)
#5 C:\xampp\htdocs\i-can - Copy\system\CodeIgniter.php(832): App\Controllers\Home->pdDetail('1')
#6 C:\xampp\htdocs\i-can - Copy\system\CodeIgniter.php(419): CodeIgniter\CodeIgniter->runController(Object(App\Controllers\Home))
#7 C:\xampp\htdocs\i-can - Copy\system\CodeIgniter.php(326): CodeIgniter\CodeIgniter->handleRequest(NULL, Object(Config\Cache), false)
#8 C:\xampp\htdocs\i-can - Copy\public\index.php(37): CodeIgniter\CodeIgniter->run()
#9 C:\xampp\htdocs\i-can - Copy\system\Commands\Server\rewrite.php(43): require_once('C:\\xampp\\htdocs...')
#10 {main}
CRITICAL - 2022-06-08 02:00:41 --> Undefined array key "name"
#0 C:\xampp\htdocs\i-can - Copy\app\Views\pages\detail_product.php(64): CodeIgniter\Debug\Exceptions->errorHandler(2, 'Undefined array...', 'C:\\xampp\\htdocs...', 64)
#1 C:\xampp\htdocs\i-can - Copy\system\View\View.php(210): include('C:\\xampp\\htdocs...')
#2 C:\xampp\htdocs\i-can - Copy\system\View\View.php(213): CodeIgniter\View\View->CodeIgniter\View\{closure}()
#3 C:\xampp\htdocs\i-can - Copy\system\Common.php(1089): CodeIgniter\View\View->render('pages/detail_pr...', Array, true)
#4 C:\xampp\htdocs\i-can - Copy\app\Controllers\Home.php(28): view('pages/detail_pr...', Array)
#5 C:\xampp\htdocs\i-can - Copy\system\CodeIgniter.php(832): App\Controllers\Home->pdDetail('1')
#6 C:\xampp\htdocs\i-can - Copy\system\CodeIgniter.php(419): CodeIgniter\CodeIgniter->runController(Object(App\Controllers\Home))
#7 C:\xampp\htdocs\i-can - Copy\system\CodeIgniter.php(326): CodeIgniter\CodeIgniter->handleRequest(NULL, Object(Config\Cache), false)
#8 C:\xampp\htdocs\i-can - Copy\public\index.php(37): CodeIgniter\CodeIgniter->run()
#9 C:\xampp\htdocs\i-can - Copy\system\Commands\Server\rewrite.php(43): require_once('C:\\xampp\\htdocs...')
#10 {main}
CRITICAL - 2022-06-08 02:01:33 --> Undefined array key "name"
#0 C:\xampp\htdocs\i-can - Copy\app\Views\pages\detail_product.php(64): CodeIgniter\Debug\Exceptions->errorHandler(2, 'Undefined array...', 'C:\\xampp\\htdocs...', 64)
#1 C:\xampp\htdocs\i-can - Copy\system\View\View.php(210): include('C:\\xampp\\htdocs...')
#2 C:\xampp\htdocs\i-can - Copy\system\View\View.php(213): CodeIgniter\View\View->CodeIgniter\View\{closure}()
#3 C:\xampp\htdocs\i-can - Copy\system\Common.php(1089): CodeIgniter\View\View->render('pages/detail_pr...', Array, true)
#4 C:\xampp\htdocs\i-can - Copy\app\Controllers\Home.php(28): view('pages/detail_pr...', Array)
#5 C:\xampp\htdocs\i-can - Copy\system\CodeIgniter.php(832): App\Controllers\Home->pdDetail('1')
#6 C:\xampp\htdocs\i-can - Copy\system\CodeIgniter.php(419): CodeIgniter\CodeIgniter->runController(Object(App\Controllers\Home))
#7 C:\xampp\htdocs\i-can - Copy\system\CodeIgniter.php(326): CodeIgniter\CodeIgniter->handleRequest(NULL, Object(Config\Cache), false)
#8 C:\xampp\htdocs\i-can - Copy\public\index.php(37): CodeIgniter\CodeIgniter->run()
#9 C:\xampp\htdocs\i-can - Copy\system\Commands\Server\rewrite.php(43): require_once('C:\\xampp\\htdocs...')
#10 {main}
CRITICAL - 2022-06-08 02:02:22 --> Undefined array key "picture_user"
#0 C:\xampp\htdocs\i-can - Copy\app\Views\pages\detail_product.php(67): CodeIgniter\Debug\Exceptions->errorHandler(2, 'Undefined array...', 'C:\\xampp\\htdocs...', 67)
#1 C:\xampp\htdocs\i-can - Copy\system\View\View.php(210): include('C:\\xampp\\htdocs...')
#2 C:\xampp\htdocs\i-can - Copy\system\View\View.php(213): CodeIgniter\View\View->CodeIgniter\View\{closure}()
#3 C:\xampp\htdocs\i-can - Copy\system\Common.php(1089): CodeIgniter\View\View->render('pages/detail_pr...', Array, true)
#4 C:\xampp\htdocs\i-can - Copy\app\Controllers\Home.php(28): view('pages/detail_pr...', Array)
#5 C:\xampp\htdocs\i-can - Copy\system\CodeIgniter.php(832): App\Controllers\Home->pdDetail('1')
#6 C:\xampp\htdocs\i-can - Copy\system\CodeIgniter.php(419): CodeIgniter\CodeIgniter->runController(Object(App\Controllers\Home))
#7 C:\xampp\htdocs\i-can - Copy\system\CodeIgniter.php(326): CodeIgniter\CodeIgniter->handleRequest(NULL, Object(Config\Cache), false)
#8 C:\xampp\htdocs\i-can - Copy\public\index.php(37): CodeIgniter\CodeIgniter->run()
#9 C:\xampp\htdocs\i-can - Copy\system\Commands\Server\rewrite.php(43): require_once('C:\\xampp\\htdocs...')
#10 {main}
CRITICAL - 2022-06-08 02:46:06 --> Undefined variable $bid
#0 C:\xampp\htdocs\i-can - Copy\app\Views\pages\detail_product.php(274): CodeIgniter\Debug\Exceptions->errorHandler(2, 'Undefined varia...', 'C:\\xampp\\htdocs...', 274)
#1 C:\xampp\htdocs\i-can - Copy\system\View\View.php(210): include('C:\\xampp\\htdocs...')
#2 C:\xampp\htdocs\i-can - Copy\system\View\View.php(213): CodeIgniter\View\View->CodeIgniter\View\{closure}()
#3 C:\xampp\htdocs\i-can - Copy\system\Common.php(1089): CodeIgniter\View\View->render('pages/detail_pr...', Array, true)
#4 C:\xampp\htdocs\i-can - Copy\app\Controllers\Home.php(28): view('pages/detail_pr...', Array)
#5 C:\xampp\htdocs\i-can - Copy\system\CodeIgniter.php(832): App\Controllers\Home->pdDetail('1')
#6 C:\xampp\htdocs\i-can - Copy\system\CodeIgniter.php(419): CodeIgniter\CodeIgniter->runController(Object(App\Controllers\Home))
#7 C:\xampp\htdocs\i-can - Copy\system\CodeIgniter.php(326): CodeIgniter\CodeIgniter->handleRequest(NULL, Object(Config\Cache), false)
#8 C:\xampp\htdocs\i-can - Copy\public\index.php(37): CodeIgniter\CodeIgniter->run()
#9 C:\xampp\htdocs\i-can - Copy\system\Commands\Server\rewrite.php(43): require_once('C:\\xampp\\htdocs...')
#10 {main}
CRITICAL - 2022-06-08 02:52:49 --> Undefined variable $bid
#0 C:\xampp\htdocs\i-can - Copy\app\Views\pages\detail_product.php(274): CodeIgniter\Debug\Exceptions->errorHandler(2, 'Undefined varia...', 'C:\\xampp\\htdocs...', 274)
#1 C:\xampp\htdocs\i-can - Copy\system\View\View.php(210): include('C:\\xampp\\htdocs...')
#2 C:\xampp\htdocs\i-can - Copy\system\View\View.php(213): CodeIgniter\View\View->CodeIgniter\View\{closure}()
#3 C:\xampp\htdocs\i-can - Copy\system\Common.php(1089): CodeIgniter\View\View->render('pages/detail_pr...', Array, true)
#4 C:\xampp\htdocs\i-can - Copy\app\Controllers\Home.php(49): view('pages/detail_pr...', Array, Array)
#5 C:\xampp\htdocs\i-can - Copy\system\CodeIgniter.php(832): App\Controllers\Home->pdDetail('1')
#6 C:\xampp\htdocs\i-can - Copy\system\CodeIgniter.php(419): CodeIgniter\CodeIgniter->runController(Object(App\Controllers\Home))
#7 C:\xampp\htdocs\i-can - Copy\system\CodeIgniter.php(326): CodeIgniter\CodeIgniter->handleRequest(NULL, Object(Config\Cache), false)
#8 C:\xampp\htdocs\i-can - Copy\public\index.php(37): CodeIgniter\CodeIgniter->run()
#9 C:\xampp\htdocs\i-can - Copy\system\Commands\Server\rewrite.php(43): require_once('C:\\xampp\\htdocs...')
#10 {main}
CRITICAL - 2022-06-08 02:52:52 --> Undefined variable $bid
#0 C:\xampp\htdocs\i-can - Copy\app\Views\pages\detail_product.php(274): CodeIgniter\Debug\Exceptions->errorHandler(2, 'Undefined varia...', 'C:\\xampp\\htdocs...', 274)
#1 C:\xampp\htdocs\i-can - Copy\system\View\View.php(210): include('C:\\xampp\\htdocs...')
#2 C:\xampp\htdocs\i-can - Copy\system\View\View.php(213): CodeIgniter\View\View->CodeIgniter\View\{closure}()
#3 C:\xampp\htdocs\i-can - Copy\system\Common.php(1089): CodeIgniter\View\View->render('pages/detail_pr...', Array, true)
#4 C:\xampp\htdocs\i-can - Copy\app\Controllers\Home.php(49): view('pages/detail_pr...', Array, Array)
#5 C:\xampp\htdocs\i-can - Copy\system\CodeIgniter.php(832): App\Controllers\Home->pdDetail('1')
#6 C:\xampp\htdocs\i-can - Copy\system\CodeIgniter.php(419): CodeIgniter\CodeIgniter->runController(Object(App\Controllers\Home))
#7 C:\xampp\htdocs\i-can - Copy\system\CodeIgniter.php(326): CodeIgniter\CodeIgniter->handleRequest(NULL, Object(Config\Cache), false)
#8 C:\xampp\htdocs\i-can - Copy\public\index.php(37): CodeIgniter\CodeIgniter->run()
#9 C:\xampp\htdocs\i-can - Copy\system\Commands\Server\rewrite.php(43): require_once('C:\\xampp\\htdocs...')
#10 {main}
CRITICAL - 2022-06-08 02:57:49 --> Undefined property: App\Controllers\Pages::$bidModel
#0 C:\xampp\htdocs\i-can - Copy\app\Controllers\Pages.php(19): CodeIgniter\Debug\Exceptions->errorHandler(2, 'Undefined prope...', 'C:\\xampp\\htdocs...', 19)
#1 C:\xampp\htdocs\i-can - Copy\system\CodeIgniter.php(832): App\Controllers\Pages->pdDetail('1')
#2 C:\xampp\htdocs\i-can - Copy\system\CodeIgniter.php(419): CodeIgniter\CodeIgniter->runController(Object(App\Controllers\Pages))
#3 C:\xampp\htdocs\i-can - Copy\system\CodeIgniter.php(326): CodeIgniter\CodeIgniter->handleRequest(NULL, Object(Config\Cache), false)
#4 C:\xampp\htdocs\i-can - Copy\public\index.php(37): CodeIgniter\CodeIgniter->run()
#5 C:\xampp\htdocs\i-can - Copy\system\Commands\Server\rewrite.php(43): require_once('C:\\xampp\\htdocs...')
#6 {main}
CRITICAL - 2022-06-08 02:58:43 --> Undefined variable $bid
#0 C:\xampp\htdocs\i-can - Copy\app\Views\pages\detail_product.php(274): CodeIgniter\Debug\Exceptions->errorHandler(2, 'Undefined varia...', 'C:\\xampp\\htdocs...', 274)
#1 C:\xampp\htdocs\i-can - Copy\system\View\View.php(210): include('C:\\xampp\\htdocs...')
#2 C:\xampp\htdocs\i-can - Copy\system\View\View.php(213): CodeIgniter\View\View->CodeIgniter\View\{closure}()
#3 C:\xampp\htdocs\i-can - Copy\system\Common.php(1089): CodeIgniter\View\View->render('pages/detail_pr...', Array, true)
#4 C:\xampp\htdocs\i-can - Copy\app\Controllers\Pages.php(43): view('pages/detail_pr...', Array, Array)
#5 C:\xampp\htdocs\i-can - Copy\system\CodeIgniter.php(832): App\Controllers\Pages->pdDetail('1')
#6 C:\xampp\htdocs\i-can - Copy\system\CodeIgniter.php(419): CodeIgniter\CodeIgniter->runController(Object(App\Controllers\Pages))
#7 C:\xampp\htdocs\i-can - Copy\system\CodeIgniter.php(326): CodeIgniter\CodeIgniter->handleRequest(NULL, Object(Config\Cache), false)
#8 C:\xampp\htdocs\i-can - Copy\public\index.php(37): CodeIgniter\CodeIgniter->run()
#9 C:\xampp\htdocs\i-can - Copy\system\Commands\Server\rewrite.php(43): require_once('C:\\xampp\\htdocs...')
#10 {main}
CRITICAL - 2022-06-08 03:05:25 --> Undefined variable $title
#0 C:\xampp\htdocs\i-can - Copy\app\Views\layout\layout.php(4): CodeIgniter\Debug\Exceptions->errorHandler(2, 'Undefined varia...', 'C:\\xampp\\htdocs...', 4)
#1 C:\xampp\htdocs\i-can - Copy\system\View\View.php(210): include('C:\\xampp\\htdocs...')
#2 C:\xampp\htdocs\i-can - Copy\system\View\View.php(213): CodeIgniter\View\View->CodeIgniter\View\{closure}()
#3 C:\xampp\htdocs\i-can - Copy\system\View\View.php(226): CodeIgniter\View\View->render('layout/layout', Array, true)
#4 C:\xampp\htdocs\i-can - Copy\system\Common.php(1089): CodeIgniter\View\View->render('pages/index', Array, true)
#5 C:\xampp\htdocs\i-can - Copy\app\Controllers\Home.php(32): view('pages/index')
#6 C:\xampp\htdocs\i-can - Copy\system\CodeIgniter.php(832): App\Controllers\Home->index()
#7 C:\xampp\htdocs\i-can - Copy\system\CodeIgniter.php(419): CodeIgniter\CodeIgniter->runController(Object(App\Controllers\Home))
#8 C:\xampp\htdocs\i-can - Copy\system\CodeIgniter.php(326): CodeIgniter\CodeIgniter->handleRequest(NULL, Object(Config\Cache), false)
#9 C:\xampp\htdocs\i-can - Copy\public\index.php(37): CodeIgniter\CodeIgniter->run()
#10 C:\xampp\htdocs\i-can - Copy\system\Commands\Server\rewrite.php(43): require_once('C:\\xampp\\htdocs...')
#11 {main}
CRITICAL - 2022-06-08 03:08:53 --> Undefined variable $title
#0 C:\xampp\htdocs\i-can - Copy\app\Views\layout\layout.php(4): CodeIgniter\Debug\Exceptions->errorHandler(2, 'Undefined varia...', 'C:\\xampp\\htdocs...', 4)
#1 C:\xampp\htdocs\i-can - Copy\system\View\View.php(210): include('C:\\xampp\\htdocs...')
#2 C:\xampp\htdocs\i-can - Copy\system\View\View.php(213): CodeIgniter\View\View->CodeIgniter\View\{closure}()
#3 C:\xampp\htdocs\i-can - Copy\system\View\View.php(226): CodeIgniter\View\View->render('layout/layout', Array, true)
#4 C:\xampp\htdocs\i-can - Copy\system\Common.php(1089): CodeIgniter\View\View->render('pages/detail_pr...', Array, true)
#5 C:\xampp\htdocs\i-can - Copy\app\Controllers\Pages.php(42): view('pages/detail_pr...', Array)
#6 C:\xampp\htdocs\i-can - Copy\system\CodeIgniter.php(832): App\Controllers\Pages->pdDetail('1')
#7 C:\xampp\htdocs\i-can - Copy\system\CodeIgniter.php(419): CodeIgniter\CodeIgniter->runController(Object(App\Controllers\Pages))
#8 C:\xampp\htdocs\i-can - Copy\system\CodeIgniter.php(326): CodeIgniter\CodeIgniter->handleRequest(NULL, Object(Config\Cache), false)
#9 C:\xampp\htdocs\i-can - Copy\public\index.php(37): CodeIgniter\CodeIgniter->run()
#10 C:\xampp\htdocs\i-can - Copy\system\Commands\Server\rewrite.php(43): require_once('C:\\xampp\\htdocs...')
#11 {main}
CRITICAL - 2022-06-08 03:14:57 --> Undefined variable $title
#0 C:\xampp\htdocs\i-can - Copy\app\Views\layout\layout.php(4): CodeIgniter\Debug\Exceptions->errorHandler(2, 'Undefined varia...', 'C:\\xampp\\htdocs...', 4)
#1 C:\xampp\htdocs\i-can - Copy\system\View\View.php(210): include('C:\\xampp\\htdocs...')
#2 C:\xampp\htdocs\i-can - Copy\system\View\View.php(213): CodeIgniter\View\View->CodeIgniter\View\{closure}()
#3 C:\xampp\htdocs\i-can - Copy\system\View\View.php(226): CodeIgniter\View\View->render('layout/layout', Array, true)
#4 C:\xampp\htdocs\i-can - Copy\system\Common.php(1089): CodeIgniter\View\View->render('pages/faq', Array, true)
#5 C:\xampp\htdocs\i-can - Copy\app\Controllers\Pages.php(35): view('pages/faq')
#6 C:\xampp\htdocs\i-can - Copy\system\CodeIgniter.php(832): App\Controllers\Pages->faq()
#7 C:\xampp\htdocs\i-can - Copy\system\CodeIgniter.php(419): CodeIgniter\CodeIgniter->runController(Object(App\Controllers\Pages))
#8 C:\xampp\htdocs\i-can - Copy\system\CodeIgniter.php(326): CodeIgniter\CodeIgniter->handleRequest(NULL, Object(Config\Cache), false)
#9 C:\xampp\htdocs\i-can - Copy\public\index.php(37): CodeIgniter\CodeIgniter->run()
#10 C:\xampp\htdocs\i-can - Copy\system\Commands\Server\rewrite.php(43): require_once('C:\\xampp\\htdocs...')
#11 {main}
ERROR - 2022-06-08 04:14:08 --> Table 'icanlelang.users' doesn't exist
CRITICAL - 2022-06-08 04:14:08 --> Table 'icanlelang.users' doesn't exist
#0 C:\xampp\htdocs\i-can - merge\system\Database\MySQLi\Connection.php(292): mysqli->query('SELECT *\nFROM `...', 0)
#1 C:\xampp\htdocs\i-can - merge\system\Database\BaseConnection.php(670): CodeIgniter\Database\MySQLi\Connection->execute('SELECT *\nFROM `...')
#2 C:\xampp\htdocs\i-can - merge\system\Database\BaseConnection.php(598): CodeIgniter\Database\BaseConnection->simpleQuery('SELECT *\nFROM `...')
#3 C:\xampp\htdocs\i-can - merge\system\Database\BaseBuilder.php(1455): CodeIgniter\Database\BaseConnection->query('SELECT *\nFROM `...', Array, false)
#4 C:\xampp\htdocs\i-can - merge\system\Model.php(210): CodeIgniter\Database\BaseBuilder->get()
#5 C:\xampp\htdocs\i-can - merge\system\BaseModel.php(622): CodeIgniter\Model->doFirst()
#6 C:\xampp\htdocs\i-can - merge\vendor\myth\auth\src\Authentication\LocalAuthenticator.php(156): CodeIgniter\BaseModel->first()
#7 C:\xampp\htdocs\i-can - merge\vendor\myth\auth\src\Authentication\LocalAuthenticator.php(20): Myth\Auth\Authentication\LocalAuthenticator->validate(Array, true)
#8 C:\xampp\htdocs\i-can - merge\vendor\myth\auth\src\Controllers\AuthController.php(88): Myth\Auth\Authentication\LocalAuthenticator->attempt(Array, false)
#9 C:\xampp\htdocs\i-can - merge\system\CodeIgniter.php(832): Myth\Auth\Controllers\AuthController->attemptLogin()
#10 C:\xampp\htdocs\i-can - merge\system\CodeIgniter.php(419): CodeIgniter\CodeIgniter->runController(Object(Myth\Auth\Controllers\AuthController))
#11 C:\xampp\htdocs\i-can - merge\system\CodeIgniter.php(326): CodeIgniter\CodeIgniter->handleRequest(NULL, Object(Config\Cache), false)
#12 C:\xampp\htdocs\i-can - merge\public\index.php(37): CodeIgniter\CodeIgniter->run()
#13 C:\xampp\htdocs\i-can - merge\system\Commands\Server\rewrite.php(43): require_once('C:\\xampp\\htdocs...')
#14 {main}
ERROR - 2022-06-08 04:27:46 --> Column 'question' cannot be null
CRITICAL - 2022-06-08 04:27:46 --> Column 'question' cannot be null
#0 C:\xampp\htdocs\i-can - merge\system\Database\MySQLi\Connection.php(292): mysqli->query('INSERT INTO `pe...', 0)
#1 C:\xampp\htdocs\i-can - merge\system\Database\BaseConnection.php(670): CodeIgniter\Database\MySQLi\Connection->execute('INSERT INTO `pe...')
#2 C:\xampp\htdocs\i-can - merge\system\Database\BaseConnection.php(598): CodeIgniter\Database\BaseConnection->simpleQuery('INSERT INTO `pe...')
#3 C:\xampp\htdocs\i-can - merge\system\Database\BaseBuilder.php(1771): CodeIgniter\Database\BaseConnection->query('INSERT INTO `pe...', Array, false)
#4 C:\xampp\htdocs\i-can - merge\app\Models\pertanyaanModel.php(21): CodeIgniter\Database\BaseBuilder->insert(Array)
#5 C:\xampp\htdocs\i-can - merge\app\Controllers\Pages.php(42): App\Models\pertanyaanModel->insert_quest(Array)
#6 C:\xampp\htdocs\i-can - merge\system\CodeIgniter.php(832): App\Controllers\Pages->faq()
#7 C:\xampp\htdocs\i-can - merge\system\CodeIgniter.php(419): CodeIgniter\CodeIgniter->runController(Object(App\Controllers\Pages))
#8 C:\xampp\htdocs\i-can - merge\system\CodeIgniter.php(326): CodeIgniter\CodeIgniter->handleRequest(NULL, Object(Config\Cache), false)
#9 C:\xampp\htdocs\i-can - merge\public\index.php(37): CodeIgniter\CodeIgniter->run()
#10 C:\xampp\htdocs\i-can - merge\system\Commands\Server\rewrite.php(43): require_once('C:\\xampp\\htdocs...')
#11 {main}
ERROR - 2022-06-08 04:28:00 --> Column 'question' cannot be null
CRITICAL - 2022-06-08 04:28:00 --> Column 'question' cannot be null
#0 C:\xampp\htdocs\i-can - merge\system\Database\MySQLi\Connection.php(292): mysqli->query('INSERT INTO `pe...', 0)
#1 C:\xampp\htdocs\i-can - merge\system\Database\BaseConnection.php(670): CodeIgniter\Database\MySQLi\Connection->execute('INSERT INTO `pe...')
#2 C:\xampp\htdocs\i-can - merge\system\Database\BaseConnection.php(598): CodeIgniter\Database\BaseConnection->simpleQuery('INSERT INTO `pe...')
#3 C:\xampp\htdocs\i-can - merge\system\Database\BaseBuilder.php(1771): CodeIgniter\Database\BaseConnection->query('INSERT INTO `pe...', Array, false)
#4 C:\xampp\htdocs\i-can - merge\app\Models\pertanyaanModel.php(21): CodeIgniter\Database\BaseBuilder->insert(Array)
#5 C:\xampp\htdocs\i-can - merge\app\Controllers\Pages.php(42): App\Models\pertanyaanModel->insert_quest(Array)
#6 C:\xampp\htdocs\i-can - merge\system\CodeIgniter.php(832): App\Controllers\Pages->faq()
#7 C:\xampp\htdocs\i-can - merge\system\CodeIgniter.php(419): CodeIgniter\CodeIgniter->runController(Object(App\Controllers\Pages))
#8 C:\xampp\htdocs\i-can - merge\system\CodeIgniter.php(326): CodeIgniter\CodeIgniter->handleRequest(NULL, Object(Config\Cache), false)
#9 C:\xampp\htdocs\i-can - merge\public\index.php(37): CodeIgniter\CodeIgniter->run()
#10 C:\xampp\htdocs\i-can - merge\system\Commands\Server\rewrite.php(43): require_once('C:\\xampp\\htdocs...')
#11 {main}
ERROR - 2022-06-08 04:31:45 --> Duplicate entry '0' for key 'PRIMARY'
CRITICAL - 2022-06-08 04:31:45 --> Duplicate entry '0' for key 'PRIMARY'
#0 C:\xampp\htdocs\i-can - merge\system\Database\MySQLi\Connection.php(292): mysqli->query('INSERT INTO `pe...', 0)
#1 C:\xampp\htdocs\i-can - merge\system\Database\BaseConnection.php(670): CodeIgniter\Database\MySQLi\Connection->execute('INSERT INTO `pe...')
#2 C:\xampp\htdocs\i-can - merge\system\Database\BaseConnection.php(598): CodeIgniter\Database\BaseConnection->simpleQuery('INSERT INTO `pe...')
#3 C:\xampp\htdocs\i-can - merge\system\Database\BaseBuilder.php(1771): CodeIgniter\Database\BaseConnection->query('INSERT INTO `pe...', Array, false)
#4 C:\xampp\htdocs\i-can - merge\app\Models\pertanyaanModel.php(21): CodeIgniter\Database\BaseBuilder->insert(Array)
#5 C:\xampp\htdocs\i-can - merge\app\Controllers\Pages.php(42): App\Models\pertanyaanModel->insert_quest(Array)
#6 C:\xampp\htdocs\i-can - merge\system\CodeIgniter.php(832): App\Controllers\Pages->faq()
#7 C:\xampp\htdocs\i-can - merge\system\CodeIgniter.php(419): CodeIgniter\CodeIgniter->runController(Object(App\Controllers\Pages))
#8 C:\xampp\htdocs\i-can - merge\system\CodeIgniter.php(326): CodeIgniter\CodeIgniter->handleRequest(NULL, Object(Config\Cache), false)
#9 C:\xampp\htdocs\i-can - merge\public\index.php(37): CodeIgniter\CodeIgniter->run()
#10 C:\xampp\htdocs\i-can - merge\system\Commands\Server\rewrite.php(43): require_once('C:\\xampp\\htdocs...')
#11 {main}
CRITICAL - 2022-06-08 06:27:53 --> Class name must be a valid object or a string
#0 C:\xampp\htdocs\i-can - merge\system\Config\BaseService.php(248): Myth\Auth\Config\Services::activator(Object(Myth\Auth\Config\Auth), false)
#1 C:\xampp\htdocs\i-can - merge\system\Config\BaseService.php(189): CodeIgniter\Config\BaseService::__callStatic('activator', Array)
#2 C:\xampp\htdocs\i-can - merge\vendor\myth\auth\src\Config\Services.php(86): CodeIgniter\Config\BaseService::getSharedInstance('activator', NULL)
#3 C:\xampp\htdocs\i-can - merge\system\Config\BaseService.php(248): Myth\Auth\Config\Services::activator()
#4 C:\xampp\htdocs\i-can - merge\system\Common.php(929): CodeIgniter\Config\BaseService::__callStatic('activator', Array)
#5 C:\xampp\htdocs\i-can - merge\vendor\myth\auth\src\Controllers\AuthController.php(195): service('activator')
#6 C:\xampp\htdocs\i-can - merge\system\CodeIgniter.php(832): Myth\Auth\Controllers\AuthController->attemptRegister()
#7 C:\xampp\htdocs\i-can - merge\system\CodeIgniter.php(419): CodeIgniter\CodeIgniter->runController(Object(Myth\Auth\Controllers\AuthController))
#8 C:\xampp\htdocs\i-can - merge\system\CodeIgniter.php(326): CodeIgniter\CodeIgniter->handleRequest(NULL, Object(Config\Cache), false)
#9 C:\xampp\htdocs\i-can - merge\public\index.php(37): CodeIgniter\CodeIgniter->run()
#10 C:\xampp\htdocs\i-can - merge\system\Commands\Server\rewrite.php(43): require_once('C:\\xampp\\htdocs...')
#11 {main}
ERROR - 2022-06-08 08:52:29 --> Error connecting to the database: Unknown database 'icanmerge'
CRITICAL - 2022-06-08 08:52:29 --> Unable to connect to the database.
Main connection [MySQLi]: Unknown database 'icanmerge'
#0 C:\xampp\htdocs\icanmerge\system\Database\BaseConnection.php(577): CodeIgniter\Database\BaseConnection->initialize()
#1 C:\xampp\htdocs\icanmerge\system\Database\BaseBuilder.php(1455): CodeIgniter\Database\BaseConnection->query('SELECT *\nFROM `...', Array, false)
#2 C:\xampp\htdocs\icanmerge\system\Model.php(210): CodeIgniter\Database\BaseBuilder->get()
#3 C:\xampp\htdocs\icanmerge\system\BaseModel.php(622): CodeIgniter\Model->doFirst()
#4 C:\xampp\htdocs\icanmerge\vendor\myth\auth\src\Authentication\LocalAuthenticator.php(156): CodeIgniter\BaseModel->first()
#5 C:\xampp\htdocs\icanmerge\vendor\myth\auth\src\Authentication\LocalAuthenticator.php(20): Myth\Auth\Authentication\LocalAuthenticator->validate(Array, true)
#6 C:\xampp\htdocs\icanmerge\vendor\myth\auth\src\Controllers\AuthController.php(88): Myth\Auth\Authentication\LocalAuthenticator->attempt(Array, false)
#7 C:\xampp\htdocs\icanmerge\system\CodeIgniter.php(832): Myth\Auth\Controllers\AuthController->attemptLogin()
#8 C:\xampp\htdocs\icanmerge\system\CodeIgniter.php(419): CodeIgniter\CodeIgniter->runController(Object(Myth\Auth\Controllers\AuthController))
#9 C:\xampp\htdocs\icanmerge\system\CodeIgniter.php(326): CodeIgniter\CodeIgniter->handleRequest(NULL, Object(Config\Cache), false)
#10 C:\xampp\htdocs\icanmerge\public\index.php(37): CodeIgniter\CodeIgniter->run()
#11 C:\xampp\htdocs\icanmerge\system\Commands\Server\rewrite.php(43): require_once('C:\\xampp\\htdocs...')
#12 {main}
CRITICAL - 2022-06-08 10:43:54 --> Too few arguments to function App\Controllers\User::editAccount(), 0 passed in C:\xampp\htdocs\icanmerge\system\CodeIgniter.php on line 832 and exactly 1 expected
#0 C:\xampp\htdocs\icanmerge\system\CodeIgniter.php(832): App\Controllers\User->editAccount()
#1 C:\xampp\htdocs\icanmerge\system\CodeIgniter.php(419): CodeIgniter\CodeIgniter->runController(Object(App\Controllers\User))
#2 C:\xampp\htdocs\icanmerge\system\CodeIgniter.php(326): CodeIgniter\CodeIgniter->handleRequest(NULL, Object(Config\Cache), false)
#3 C:\xampp\htdocs\icanmerge\public\index.php(37): CodeIgniter\CodeIgniter->run()
#4 C:\xampp\htdocs\icanmerge\system\Commands\Server\rewrite.php(43): require_once('C:\\xampp\\htdocs...')
#5 {main}
CRITICAL - 2022-06-08 10:45:13 --> Too few arguments to function App\Controllers\User::editAccount(), 0 passed in C:\xampp\htdocs\icanmerge\system\CodeIgniter.php on line 832 and exactly 1 expected
#0 C:\xampp\htdocs\icanmerge\system\CodeIgniter.php(832): App\Controllers\User->editAccount()
#1 C:\xampp\htdocs\icanmerge\system\CodeIgniter.php(419): CodeIgniter\CodeIgniter->runController(Object(App\Controllers\User))
#2 C:\xampp\htdocs\icanmerge\system\CodeIgniter.php(326): CodeIgniter\CodeIgniter->handleRequest(NULL, Object(Config\Cache), false)
#3 C:\xampp\htdocs\icanmerge\public\index.php(37): CodeIgniter\CodeIgniter->run()
#4 C:\xampp\htdocs\icanmerge\system\Commands\Server\rewrite.php(43): require_once('C:\\xampp\\htdocs...')
#5 {main}
CRITICAL - 2022-06-08 10:51:08 --> Undefined variable $gallery
#0 C:\xampp\htdocs\icanmerge\app\Views\user\account_edit.php(28): CodeIgniter\Debug\Exceptions->errorHandler(2, 'Undefined varia...', 'C:\\xampp\\htdocs...', 28)
#1 C:\xampp\htdocs\icanmerge\system\View\View.php(210): include('C:\\xampp\\htdocs...')
#2 C:\xampp\htdocs\icanmerge\system\View\View.php(213): CodeIgniter\View\View->CodeIgniter\View\{closure}()
#3 C:\xampp\htdocs\icanmerge\system\Common.php(1089): CodeIgniter\View\View->render('user/account_ed...', Array, true)
#4 C:\xampp\htdocs\icanmerge\app\Controllers\User.php(51): view('user/account_ed...', Array)
#5 C:\xampp\htdocs\icanmerge\system\CodeIgniter.php(832): App\Controllers\User->editAccount('8')
#6 C:\xampp\htdocs\icanmerge\system\CodeIgniter.php(419): CodeIgniter\CodeIgniter->runController(Object(App\Controllers\User))
#7 C:\xampp\htdocs\icanmerge\system\CodeIgniter.php(326): CodeIgniter\CodeIgniter->handleRequest(NULL, Object(Config\Cache), false)
#8 C:\xampp\htdocs\icanmerge\public\index.php(37): CodeIgniter\CodeIgniter->run()
#9 C:\xampp\htdocs\icanmerge\system\Commands\Server\rewrite.php(43): require_once('C:\\xampp\\htdocs...')
#10 {main}
CRITICAL - 2022-06-08 10:51:13 --> Undefined variable $gallery
#0 C:\xampp\htdocs\icanmerge\app\Views\user\account_edit.php(28): CodeIgniter\Debug\Exceptions->errorHandler(2, 'Undefined varia...', 'C:\\xampp\\htdocs...', 28)
#1 C:\xampp\htdocs\icanmerge\system\View\View.php(210): include('C:\\xampp\\htdocs...')
#2 C:\xampp\htdocs\icanmerge\system\View\View.php(213): CodeIgniter\View\View->CodeIgniter\View\{closure}()
#3 C:\xampp\htdocs\icanmerge\system\Common.php(1089): CodeIgniter\View\View->render('user/account_ed...', Array, true)
#4 C:\xampp\htdocs\icanmerge\app\Controllers\User.php(51): view('user/account_ed...', Array)
#5 C:\xampp\htdocs\icanmerge\system\CodeIgniter.php(832): App\Controllers\User->editAccount('8')
#6 C:\xampp\htdocs\icanmerge\system\CodeIgniter.php(419): CodeIgniter\CodeIgniter->runController(Object(App\Controllers\User))
#7 C:\xampp\htdocs\icanmerge\system\CodeIgniter.php(326): CodeIgniter\CodeIgniter->handleRequest(NULL, Object(Config\Cache), false)
#8 C:\xampp\htdocs\icanmerge\public\index.php(37): CodeIgniter\CodeIgniter->run()
#9 C:\xampp\htdocs\icanmerge\system\Commands\Server\rewrite.php(43): require_once('C:\\xampp\\htdocs...')
#10 {main}
CRITICAL - 2022-06-08 10:51:37 --> Undefined variable $gallery
#0 C:\xampp\htdocs\icanmerge\app\Views\user\account_edit.php(28): CodeIgniter\Debug\Exceptions->errorHandler(2, 'Undefined varia...', 'C:\\xampp\\htdocs...', 28)
#1 C:\xampp\htdocs\icanmerge\system\View\View.php(210): include('C:\\xampp\\htdocs...')
#2 C:\xampp\htdocs\icanmerge\system\View\View.php(213): CodeIgniter\View\View->CodeIgniter\View\{closure}()
#3 C:\xampp\htdocs\icanmerge\system\Common.php(1089): CodeIgniter\View\View->render('user/account_ed...', Array, true)
#4 C:\xampp\htdocs\icanmerge\app\Controllers\User.php(51): view('user/account_ed...', Array)
#5 C:\xampp\htdocs\icanmerge\system\CodeIgniter.php(832): App\Controllers\User->editAccount('8')
#6 C:\xampp\htdocs\icanmerge\system\CodeIgniter.php(419): CodeIgniter\CodeIgniter->runController(Object(App\Controllers\User))
#7 C:\xampp\htdocs\icanmerge\system\CodeIgniter.php(326): CodeIgniter\CodeIgniter->handleRequest(NULL, Object(Config\Cache), false)
#8 C:\xampp\htdocs\icanmerge\public\index.php(37): CodeIgniter\CodeIgniter->run()
#9 C:\xampp\htdocs\icanmerge\system\Commands\Server\rewrite.php(43): require_once('C:\\xampp\\htdocs...')
#10 {main}
CRITICAL - 2022-06-08 10:52:43 --> Too few arguments to function App\Controllers\User::editAccount(), 0 passed in C:\xampp\htdocs\icanmerge\system\CodeIgniter.php on line 832 and exactly 1 expected
#0 C:\xampp\htdocs\icanmerge\system\CodeIgniter.php(832): App\Controllers\User->editAccount()
#1 C:\xampp\htdocs\icanmerge\system\CodeIgniter.php(419): CodeIgniter\CodeIgniter->runController(Object(App\Controllers\User))
#2 C:\xampp\htdocs\icanmerge\system\CodeIgniter.php(326): CodeIgniter\CodeIgniter->handleRequest(NULL, Object(Config\Cache), false)
#3 C:\xampp\htdocs\icanmerge\public\index.php(37): CodeIgniter\CodeIgniter->run()
#4 C:\xampp\htdocs\icanmerge\system\Commands\Server\rewrite.php(43): require_once('C:\\xampp\\htdocs...')
#5 {main}
CRITICAL - 2022-06-08 11:00:44 --> Call to undefined method App\Models\EditUser::getUser
#0 C:\xampp\htdocs\icanmerge\app\Controllers\User.php(46): CodeIgniter\Model->__call('getUser', Array)
#1 C:\xampp\htdocs\icanmerge\system\CodeIgniter.php(832): App\Controllers\User->editAccount('8')
#2 C:\xampp\htdocs\icanmerge\system\CodeIgniter.php(419): CodeIgniter\CodeIgniter->runController(Object(App\Controllers\User))
#3 C:\xampp\htdocs\icanmerge\system\CodeIgniter.php(326): CodeIgniter\CodeIgniter->handleRequest(NULL, Object(Config\Cache), false)
#4 C:\xampp\htdocs\icanmerge\public\index.php(37): CodeIgniter\CodeIgniter->run()
#5 C:\xampp\htdocs\icanmerge\system\Commands\Server\rewrite.php(43): require_once('C:\\xampp\\htdocs...')
#6 {main}
CRITICAL - 2022-06-08 13:07:08 --> unlink(img/profile/): Is a directory
#0 [internal function]: CodeIgniter\Debug\Exceptions->errorHandler(2, 'unlink(img/prof...', 'C:\\xampp\\htdocs...', 118)
#1 C:\xampp\htdocs\icanmerge\app\Controllers\User.php(118): unlink('img/profile/')
#2 C:\xampp\htdocs\icanmerge\system\CodeIgniter.php(832): App\Controllers\User->update('9')
#3 C:\xampp\htdocs\icanmerge\system\CodeIgniter.php(419): CodeIgniter\CodeIgniter->runController(Object(App\Controllers\User))
#4 C:\xampp\htdocs\icanmerge\system\CodeIgniter.php(326): CodeIgniter\CodeIgniter->handleRequest(NULL, Object(Config\Cache), false)
#5 C:\xampp\htdocs\icanmerge\public\index.php(37): CodeIgniter\CodeIgniter->run()
#6 C:\xampp\htdocs\icanmerge\system\Commands\Server\rewrite.php(43): require_once('C:\\xampp\\htdocs...')
#7 {main}
